This is pdfTeX, Version 3.141592653-2.6-1.40.27 (TeX Live 2025) (preloaded format=pdflatex 2025.11.19)  12 JAN 2026 10:54
entering extended mode
 restricted \write18 enabled.
 file:line:error style messages enabled.
 %&-line parsing enabled.
**"/Users/pc/Progetti/GitHub/ComputerScience/Latex/Intelligenza artificiale/main.tex"
(/Users/pc/Progetti/GitHub/ComputerScience/Latex/Intelligenza artificiale/main.tex
LaTeX2e <2024-11-01> patch level 2
L3 programming layer <2025-01-18>
(/usr/local/texlive/2025/texmf-dist/tex/latex/base/article.cls
Document Class: article 2024/06/29 v1.4n Standard LaTeX document class
(/usr/local/texlive/2025/texmf-dist/tex/latex/base/size10.clo
File: size10.clo 2024/06/29 v1.4n Standard LaTeX file (size option)
)
\c@part=\count196
\c@section=\count197
\c@subsection=\count198
\c@subsubsection=\count199
\c@paragraph=\count266
\c@subparagraph=\count267
\c@figure=\count268
\c@table=\count269
\abovecaptionskip=\skip49
\belowcaptionskip=\skip50
\bibindent=\dimen141
) (/usr/local/texlive/2025/texmf-dist/tex/latex/graphics/graphicx.sty
Package: graphicx 2021/09/16 v1.2d Enhanced LaTeX Graphics (DPC,SPQR)
 (/usr/local/texlive/2025/texmf-dist/tex/latex/graphics/keyval.sty
Package: keyval 2022/05/29 v1.15 key=value parser (DPC)
\KV@toks@=\toks17
) (/usr/local/texlive/2025/texmf-dist/tex/latex/graphics/graphics.sty
Package: graphics 2024/08/06 v1.4g Standard LaTeX Graphics (DPC,SPQR)
 (/usr/local/texlive/2025/texmf-dist/tex/latex/graphics/trig.sty
Package: trig 2023/12/02 v1.11 sin cos tan (DPC)
) (/usr/local/texlive/2025/texmf-dist/tex/latex/graphics-cfg/graphics.cfg
File: graphics.cfg 2016/06/04 v1.11 sample graphics configuration
)
Package graphics Info: Driver file: pdftex.def on input line 106.
 (/usr/local/texlive/2025/texmf-dist/tex/latex/graphics-def/pdftex.def
File: pdftex.def 2024/04/13 v1.2c Graphics/color driver for pdftex
))
\Gin@req@height=\dimen142
\Gin@req@width=\dimen143
) (/usr/local/texlive/2025/texmf-dist/tex/generic/babel/babel.sty
Package: babel 2025/02/14 v25.4 The multilingual framework for pdfLaTeX, LuaLaTeX and XeLaTeX
\babel@savecnt=\count270
\U@D=\dimen144
\l@unhyphenated=\language90
 (/usr/local/texlive/2025/texmf-dist/tex/generic/babel/txtbabel.def)
\bbl@readstream=\read2
\bbl@dirlevel=\count271
 (/usr/local/texlive/2025/texmf-dist/tex/generic/babel-italian/italian.ldf
Language: italian 2024/10/10 v.1.5.01 Italian support for the babel system
\it@lettering=\count272
\it@doublequoteactive=\count273
\it@ISOcompliance=\count274
)) (/usr/local/texlive/2025/texmf-dist/tex/generic/babel/locale/it/babel-italian.tex
Package babel Info: Importing font and identification data for italian
(babel)             from babel-it.ini. Reported on input line 11.
) (/usr/local/texlive/2025/texmf-dist/tex/latex/etoolbox/etoolbox.sty
Package: etoolbox 2025/02/11 v2.5l e-TeX tools for LaTeX (JAW)
\etb@tempcnta=\count275
) (/usr/local/texlive/2025/texmf-dist/tex/latex/algorithm2e/algorithm2e.sty
Package: algorithm2e 2017/07/18 v5.2 algorithms environments
\c@AlgoLine=\count276
 (/usr/local/texlive/2025/texmf-dist/tex/latex/base/ifthen.sty
Package: ifthen 2024/03/16 v1.1e Standard LaTeX ifthen package (DPC)
)
\algocf@hangindent=\skip51
 (/usr/local/texlive/2025/texmf-dist/tex/latex/ifoddpage/ifoddpage.sty
Package: ifoddpage 2022/10/18 v1.2 Conditionals for odd/even page detection
\c@checkoddpage=\count277
) (/usr/local/texlive/2025/texmf-dist/tex/latex/tools/xspace.sty
Package: xspace 2014/10/28 v1.13 Space after command names (DPC,MH)
) (/usr/local/texlive/2025/texmf-dist/tex/latex/relsize/relsize.sty
Package: relsize 2013/03/29 ver 4.1
)
\skiptotal=\skip52
\skiplinenumber=\skip53
\skiprule=\skip54
\skiphlne=\skip55
\skiptext=\skip56
\skiplength=\skip57
\algomargin=\skip58
\skipalgocfslide=\skip59
\algowidth=\dimen145
\inoutsize=\dimen146
\inoutindent=\dimen147
\interspacetitleruled=\dimen148
\interspacealgoruled=\dimen149
\interspacetitleboxruled=\dimen150
\algocf@ruledwidth=\skip60
\algocf@inoutbox=\box52
\algocf@inputbox=\box53
\AlCapSkip=\skip61
\AlCapHSkip=\skip62
\algoskipindent=\skip63
\algocf@nlbox=\box54
\algocf@hangingbox=\box55
\algocf@untilbox=\box56
\algocf@skipuntil=\skip64
\algocf@capbox=\box57
\algocf@lcaptionbox=\skip65
\algoheightruledefault=\skip66
\algoheightrule=\skip67
\algotitleheightruledefault=\skip68
\algotitleheightrule=\skip69
\c@algocfline=\count278
\c@algocfproc=\count279
\c@algocf=\count280
\algocf@algoframe=\box58
\algocf@algobox=\box59
) (/usr/local/texlive/2025/texmf-dist/tex/latex/amscls/amsthm.sty
Package: amsthm 2020/05/29 v2.20.6
\thm@style=\toks18
\thm@bodyfont=\toks19
\thm@headfont=\toks20
\thm@notefont=\toks21
\thm@headpunct=\toks22
\thm@preskip=\skip70
\thm@postskip=\skip71
\thm@headsep=\skip72
\dth@everypar=\toks23
) (/usr/local/texlive/2025/texmf-dist/tex/latex/algorithmicx/algpseudocode.sty
Package: algpseudocode 
 (/usr/local/texlive/2025/texmf-dist/tex/latex/algorithmicx/algorithmicx.sty
Package: algorithmicx 2005/04/27 v1.2 Algorithmicx

Document Style algorithmicx 1.2 - a greatly improved `algorithmic' style
\c@ALG@line=\count281
\c@ALG@rem=\count282
\c@ALG@nested=\count283
\ALG@tlm=\skip73
\ALG@thistlm=\skip74
\c@ALG@Lnr=\count284
\c@ALG@blocknr=\count285
\c@ALG@storecount=\count286
\c@ALG@tmpcounter=\count287
\ALG@tmplength=\skip75
)
Document Style - pseudocode environments for use with the `algorithmicx' style
) (/usr/local/texlive/2025/texmf-dist/tex/latex/float/float.sty
Package: float 2001/11/08 v1.3d Float enhancements (AL)
\c@float@type=\count288
\float@exts=\toks24
\float@box=\box60
\@float@everytoks=\toks25
\@floatcapt=\box61
) (/usr/local/texlive/2025/texmf-dist/tex/latex/imakeidx/imakeidx.sty
Package: imakeidx 2016/10/15 v1.3e Package for typesetting indices in a synchronous mode
 (/usr/local/texlive/2025/texmf-dist/tex/latex/xkeyval/xkeyval.sty
Package: xkeyval 2022/06/16 v2.9 package option processing (HA)
 (/usr/local/texlive/2025/texmf-dist/tex/generic/xkeyval/xkeyval.tex (/usr/local/texlive/2025/texmf-dist/tex/generic/xkeyval/xkvutils.tex
\XKV@toks=\toks26
\XKV@tempa@toks=\toks27
)
\XKV@depth=\count289
File: xkeyval.tex 2014/12/03 v2.7a key=value parser (HA)
)) (/usr/local/texlive/2025/texmf-dist/tex/generic/iftex/ifxetex.sty
Package: ifxetex 2019/10/25 v0.7 ifxetex legacy package. Use iftex instead.
 (/usr/local/texlive/2025/texmf-dist/tex/generic/iftex/iftex.sty
Package: iftex 2024/12/12 v1.0g TeX engine tests
)) (/usr/local/texlive/2025/texmf-dist/tex/generic/iftex/ifluatex.sty
Package: ifluatex 2019/10/25 v1.5 ifluatex legacy package. Use iftex instead.
) (/usr/local/texlive/2025/texmf-dist/tex/latex/tools/multicol.sty
Package: multicol 2024/09/14 v1.9i multicolumn formatting (FMi)
\c@tracingmulticols=\count290
\mult@box=\box62
\multicol@leftmargin=\dimen151
\c@unbalance=\count291
\c@collectmore=\count292
\doublecol@number=\count293
\multicoltolerance=\count294
\multicolpretolerance=\count295
\full@width=\dimen152
\page@free=\dimen153
\premulticols=\dimen154
\postmulticols=\dimen155
\multicolsep=\skip76
\multicolbaselineskip=\skip77
\partial@page=\box63
\last@line=\box64
\mc@boxedresult=\box65
\maxbalancingoverflow=\dimen156
\mult@rightbox=\box66
\mult@grightbox=\box67
\mult@firstbox=\box68
\mult@gfirstbox=\box69
\@tempa=\box70
\@tempa=\box71
\@tempa=\box72
\@tempa=\box73
\@tempa=\box74
\@tempa=\box75
\@tempa=\box76
\@tempa=\box77
\@tempa=\box78
\@tempa=\box79
\@tempa=\box80
\@tempa=\box81
\@tempa=\box82
\@tempa=\box83
\@tempa=\box84
\@tempa=\box85
\@tempa=\box86
\@tempa=\box87
\@tempa=\box88
\@tempa=\box89
\@tempa=\box90
\@tempa=\box91
\@tempa=\box92
\@tempa=\box93
\@tempa=\box94
\@tempa=\box95
\@tempa=\box96
\@tempa=\box97
\@tempa=\box98
\@tempa=\box99
\@tempa=\box100
\@tempa=\box101
\@tempa=\box102
\@tempa=\box103
\@tempa=\box104
\@tempa=\box105
\c@minrows=\count296
\c@columnbadness=\count297
\c@finalcolumnbadness=\count298
\last@try=\dimen157
\multicolovershoot=\dimen158
\multicolundershoot=\dimen159
\mult@nat@firstbox=\box106
\colbreak@box=\box107
\mc@col@check@num=\count299
)) (/usr/local/texlive/2025/texmf-dist/tex/latex/amsmath/amsmath.sty
Package: amsmath 2024/11/05 v2.17t AMS math features
\@mathmargin=\skip78

For additional information on amsmath, use the `?' option.
(/usr/local/texlive/2025/texmf-dist/tex/latex/amsmath/amstext.sty
Package: amstext 2021/08/26 v2.01 AMS text
 (/usr/local/texlive/2025/texmf-dist/tex/latex/amsmath/amsgen.sty
File: amsgen.sty 1999/11/30 v2.0 generic functions
\@emptytoks=\toks28
\ex@=\dimen160
)) (/usr/local/texlive/2025/texmf-dist/tex/latex/amsmath/amsbsy.sty
Package: amsbsy 1999/11/29 v1.2d Bold Symbols
\pmbraise@=\dimen161
) (/usr/local/texlive/2025/texmf-dist/tex/latex/amsmath/amsopn.sty
Package: amsopn 2022/04/08 v2.04 operator names
)
\inf@bad=\count300
LaTeX Info: Redefining \frac on input line 233.
\uproot@=\count301
\leftroot@=\count302
LaTeX Info: Redefining \overline on input line 398.
LaTeX Info: Redefining \colon on input line 409.
\classnum@=\count303
\DOTSCASE@=\count304
LaTeX Info: Redefining \ldots on input line 495.
LaTeX Info: Redefining \dots on input line 498.
LaTeX Info: Redefining \cdots on input line 619.
\Mathstrutbox@=\box108
\strutbox@=\box109
LaTeX Info: Redefining \big on input line 721.
LaTeX Info: Redefining \Big on input line 722.
LaTeX Info: Redefining \bigg on input line 723.
LaTeX Info: Redefining \Bigg on input line 724.
\big@size=\dimen162
LaTeX Font Info:    Redeclaring font encoding OML on input line 742.
LaTeX Font Info:    Redeclaring font encoding OMS on input line 743.
\macc@depth=\count305
LaTeX Info: Redefining \bmod on input line 904.
LaTeX Info: Redefining \pmod on input line 909.
LaTeX Info: Redefining \smash on input line 939.
LaTeX Info: Redefining \relbar on input line 969.
LaTeX Info: Redefining \Relbar on input line 970.
\c@MaxMatrixCols=\count306
\dotsspace@=\muskip17
\c@parentequation=\count307
\dspbrk@lvl=\count308
\tag@help=\toks29
\row@=\count309
\column@=\count310
\maxfields@=\count311
\andhelp@=\toks30
\eqnshift@=\dimen163
\alignsep@=\dimen164
\tagshift@=\dimen165
\tagwidth@=\dimen166
\totwidth@=\dimen167
\lineht@=\dimen168
\@envbody=\toks31
\multlinegap=\skip79
\multlinetaggap=\skip80
\mathdisplay@stack=\toks32
LaTeX Info: Redefining \[ on input line 2953.
LaTeX Info: Redefining \] on input line 2954.
)
\c@theorem=\count312
\c@lemma=\count313
 (/usr/local/texlive/2025/texmf-dist/tex/latex/l3backend/l3backend-pdftex.def
File: l3backend-pdftex.def 2024-05-08 L3 backend support: PDF output (pdfTeX)
\l__color_backend_stack_int=\count314
\l__pdf_internal_box=\box110
) (./main.aux

LaTeX Warning: Label `fig:enter-label' multiply defined.


LaTeX Warning: Label `fig:enter-label' multiply defined.


LaTeX Warning: Label `fig:enter-label' multiply defined.


LaTeX Warning: Label `fig:enter-label' multiply defined.


LaTeX Warning: Label `fig:enter-label' multiply defined.


LaTeX Warning: Label `fig:enter-label' multiply defined.


LaTeX Warning: Label `fig:enter-label' multiply defined.


LaTeX Warning: Label `fig:enter-label' multiply defined.


LaTeX Warning: Label `fig:enter-label' multiply defined.


LaTeX Warning: Label `fig:enter-label' multiply defined.


LaTeX Warning: Label `fig:enter-label' multiply defined.


LaTeX Warning: Label `fig:enter-label' multiply defined.


LaTeX Warning: Label `fig:enter-label' multiply defined.


LaTeX Warning: Label `fig:enter-label' multiply defined.


LaTeX Warning: Label `fig:enter-label' multiply defined.

)
\openout1 = `main.aux'.

LaTeX Font Info:    Checking defaults for OML/cmm/m/it on input line 23.
LaTeX Font Info:    ... okay on input line 23.
LaTeX Font Info:    Checking defaults for OMS/cmsy/m/n on input line 23.
LaTeX Font Info:    ... okay on input line 23.
LaTeX Font Info:    Checking defaults for OT1/cmr/m/n on input line 23.
LaTeX Font Info:    ... okay on input line 23.
LaTeX Font Info:    Checking defaults for T1/cmr/m/n on input line 23.
LaTeX Font Info:    ... okay on input line 23.
LaTeX Font Info:    Checking defaults for TS1/cmr/m/n on input line 23.
LaTeX Font Info:    ... okay on input line 23.
LaTeX Font Info:    Checking defaults for OMX/cmex/m/n on input line 23.
LaTeX Font Info:    ... okay on input line 23.
LaTeX Font Info:    Checking defaults for U/cmr/m/n on input line 23.
LaTeX Font Info:    ... okay on input line 23.
 (/usr/local/texlive/2025/texmf-dist/tex/context/base/mkii/supp-pdf.mkii
[Loading MPS to PDF converter (version 2006.09.02).]
\scratchcounter=\count315
\scratchdimen=\dimen169
\scratchbox=\box111
\nofMPsegments=\count316
\nofMParguments=\count317
\everyMPshowfont=\toks33
\MPscratchCnt=\count318
\MPscratchDim=\dimen170
\MPnumerator=\count319
\makeMPintoPDFobject=\count320
\everyMPtoPDFconversion=\toks34
) (/usr/local/texlive/2025/texmf-dist/tex/latex/epstopdf-pkg/epstopdf-base.sty
Package: epstopdf-base 2020-01-24 v2.11 Base part for package epstopdf
 (/usr/local/texlive/2025/texmf-dist/tex/generic/infwarerr/infwarerr.sty
Package: infwarerr 2019/12/03 v1.5 Providing info/warning/error messages (HO)
) (/usr/local/texlive/2025/texmf-dist/tex/latex/grfext/grfext.sty
Package: grfext 2019/12/03 v1.3 Manage graphics extensions (HO)
 (/usr/local/texlive/2025/texmf-dist/tex/generic/kvdefinekeys/kvdefinekeys.sty
Package: kvdefinekeys 2019-12-19 v1.6 Define keys (HO)
)) (/usr/local/texlive/2025/texmf-dist/tex/latex/kvoptions/kvoptions.sty
Package: kvoptions 2022-06-15 v3.15 Key value format for package options (HO)
 (/usr/local/texlive/2025/texmf-dist/tex/generic/ltxcmds/ltxcmds.sty
Package: ltxcmds 2023-12-04 v1.26 LaTeX kernel commands for general use (HO)
) (/usr/local/texlive/2025/texmf-dist/tex/latex/kvsetkeys/kvsetkeys.sty
Package: kvsetkeys 2022-10-05 v1.19 Key value parser (HO)
)) (/usr/local/texlive/2025/texmf-dist/tex/generic/pdftexcmds/pdftexcmds.sty
Package: pdftexcmds 2020-06-27 v0.33 Utility functions of pdfTeX for LuaTeX (HO)
Package pdftexcmds Info: \pdf@primitive is available.
Package pdftexcmds Info: \pdf@ifprimitive is available.
Package pdftexcmds Info: \pdfdraftmode found.
)
Package epstopdf-base Info: Redefining graphics rule for `.eps' on input line 485.
Package grfext Info: Graphics extension search list:
(grfext)             [.pdf,.png,.jpg,.mps,.jpeg,.jbig2,.jb2,.PDF,.PNG,.JPG,.JPEG,.JBIG2,.JB2,.eps]
(grfext)             \AppendGraphicsExtensions on input line 504.
 (/usr/local/texlive/2025/texmf-dist/tex/latex/latexconfig/epstopdf-sys.cfg
File: epstopdf-sys.cfg 2010/07/13 v1.3 Configuration of (r)epstopdf for TeX Live
))
LaTeX Info: Redefining \it@ocap on input line 23.
LaTeX Info: Redefining \it@ccap on input line 23.


File italian.ldf warning: 
italian.ldf    With OT1 encoding guillemets are poorly faked
italian.ldf    Use T1 encoding
italian.ldf    or specify a font with command \CaporaliFrom
italian.ldf    See the documentation concerning the babel-italian typesetting
italian.ldf    on input line 23.



[1

{/usr/local/texlive/2025/texmf-var/fonts/map/pdftex/updmap/pdftex.map}] (./main.toc)
\tf@toc=\write3
\openout3 = `main.toc'.



[2]

[3]
Underfull \hbox (badness 10000) in paragraph at lines 40--41

 []

<Images/agenteBase.png, id=19, 790.955pt x 488.82625pt>
File: Images/agenteBase.png Graphic file (type png)
<use Images/agenteBase.png>
Package pdftex.def Info: Images/agenteBase.png  used on input line 44.
(pdftex.def)             Requested size: 172.5pt x 106.60974pt.

Underfull \hbox (badness 10000) in paragraph at lines 61--64

 []



[4{/usr/local/texlive/2025/texmf-dist/fonts/enc/dvips/cm-super/cm-super-ts1.enc} <./Images/agenteBase.png>]
Underfull \hbox (badness 10000) in paragraph at lines 86--89

 []



[5]

[6]
<Images/guidatoreTaxiPEAS.png, id=32, 835.12pt x 350.30875pt>
File: Images/guidatoreTaxiPEAS.png Graphic file (type png)
<use Images/guidatoreTaxiPEAS.png>
Package pdftex.def Info: Images/guidatoreTaxiPEAS.png  used on input line 103.
(pdftex.def)             Requested size: 172.5pt x 72.35896pt.
<Images/EsempiPEAS.png, id=33, 880.28876pt x 565.11125pt>
File: Images/EsempiPEAS.png Graphic file (type png)
<use Images/EsempiPEAS.png>
Package pdftex.def Info: Images/EsempiPEAS.png  used on input line 110.
(pdftex.def)             Requested size: 172.5pt x 110.73517pt.


[7 <./Images/guidatoreTaxiPEAS.png> <./Images/EsempiPEAS.png>]

[8]
<Images/EsempiAmbiente.png, id=43, 1166.3575pt x 514.92375pt>
File: Images/EsempiAmbiente.png Graphic file (type png)
<use Images/EsempiAmbiente.png>
Package pdftex.def Info: Images/EsempiAmbiente.png  used on input line 134.
(pdftex.def)             Requested size: 172.5pt x 76.15094pt.


[9 <./Images/EsempiAmbiente.png>]
Underfull \hbox (badness 10000) in paragraph at lines 142--143

 []


Underfull \hbox (badness 10000) in paragraph at lines 149--150

 []



[10]
<Images/diagrammaAgenteReattivoSemplice.png, id=55, 597.73312pt x 259.7203pt>
File: Images/diagrammaAgenteReattivoSemplice.png Graphic file (type png)
<use Images/diagrammaAgenteReattivoSemplice.png>
Package pdftex.def Info: Images/diagrammaAgenteReattivoSemplice.png  used on input line 194.
(pdftex.def)             Requested size: 172.5pt x 74.95236pt.


[11 <./Images/diagrammaAgenteReattivoSemplice.png>]

[12]
<Images/AgenteReattivoBasatoSuModello.png, id=64, 493.845pt x 265.74281pt>
File: Images/AgenteReattivoBasatoSuModello.png Graphic file (type png)
<use Images/AgenteReattivoBasatoSuModello.png>
Package pdftex.def Info: Images/AgenteReattivoBasatoSuModello.png  used on input line 231.
(pdftex.def)             Requested size: 172.5pt x 92.82079pt.


[13 <./Images/AgenteReattivoBasatoSuModello.png>]

[14]
<Images/AgenteBasatoObiettivi.png, id=73, 824.07875pt x 428.60126pt>
File: Images/AgenteBasatoObiettivi.png Graphic file (type png)
<use Images/AgenteBasatoObiettivi.png>
Package pdftex.def Info: Images/AgenteBasatoObiettivi.png  used on input line 267.
(pdftex.def)             Requested size: 172.5pt x 89.71461pt.


[15 <./Images/AgenteBasatoObiettivi.png>]
<Images/AgenteBasatoUtilita.png, id=78, 834.11626pt x 428.60126pt>
File: Images/AgenteBasatoUtilita.png Graphic file (type png)
<use Images/AgenteBasatoUtilita.png>
Package pdftex.def Info: Images/AgenteBasatoUtilita.png  used on input line 285.
(pdftex.def)             Requested size: 172.5pt x 88.63553pt.


[16 <./Images/AgenteBasatoUtilita.png>]
<Images/AgenteCapaceDiApprendere.png, id=83, 834.11626pt x 466.74374pt>
File: Images/AgenteCapaceDiApprendere.png Graphic file (type png)
<use Images/AgenteCapaceDiApprendere.png>
Package pdftex.def Info: Images/AgenteCapaceDiApprendere.png  used on input line 302.
(pdftex.def)             Requested size: 172.5pt x 96.52347pt.


[17 <./Images/AgenteCapaceDiApprendere.png>]
<Images/RappresentazioniStatiTransazioni.png, id=88, 834.11626pt x 466.74374pt>
File: Images/RappresentazioniStatiTransazioni.png Graphic file (type png)
<use Images/RappresentazioniStatiTransazioni.png>
Package pdftex.def Info: Images/RappresentazioniStatiTransazioni.png  used on input line 318.
(pdftex.def)             Requested size: 172.5pt x 96.52347pt.


[18 <./Images/RappresentazioniStatiTransazioni.png>]

[19]

[20]
<Images/MappaStradaleRomania.png, id=100, 826.08624pt x 514.92375pt>
File: Images/MappaStradaleRomania.png Graphic file (type png)
<use Images/MappaStradaleRomania.png>
Package pdftex.def Info: Images/MappaStradaleRomania.png  used on input line 361.
(pdftex.def)             Requested size: 172.5pt x 107.52432pt.

Underfull \hbox (badness 10000) in paragraph at lines 365--366

 []



[21 <./Images/MappaStradaleRomania.png>]

[22]
<Images/grafoSpazioStatiAspirapolvere.png, id=108, 678.28406pt x 297.36093pt>
File: Images/grafoSpazioStatiAspirapolvere.png Graphic file (type png)
<use Images/grafoSpazioStatiAspirapolvere.png>
Package pdftex.def Info: Images/grafoSpazioStatiAspirapolvere.png  used on input line 381.
(pdftex.def)             Requested size: 172.5pt x 75.62411pt.
<Images/rompicapoSokoban8Tasselli.png, id=109, 681.29532pt x 229.60782pt>
File: Images/rompicapoSokoban8Tasselli.png Graphic file (type png)
<use Images/rompicapoSokoban8Tasselli.png>
Package pdftex.def Info: Images/rompicapoSokoban8Tasselli.png  used on input line 397.
(pdftex.def)             Requested size: 172.5pt x 58.13405pt.


[23 <./Images/grafoSpazioStatiAspirapolvere.png> <./Images/rompicapoSokoban8Tasselli.png>]
<Images/problema8Regine.png, id=115, 642.14906pt x 389.95688pt>
File: Images/problema8Regine.png Graphic file (type png)
<use Images/problema8Regine.png>
Package pdftex.def Info: Images/problema8Regine.png  used on input line 413.
(pdftex.def)             Requested size: 172.5pt x 104.75423pt.


[24 <./Images/problema8Regine.png>]

[25]
<Images/AlberiDiRicerca.png, id=124, 537.50812pt x 498.36188pt>
File: Images/AlberiDiRicerca.png Graphic file (type png)
<use Images/AlberiDiRicerca.png>
Package pdftex.def Info: Images/AlberiDiRicerca.png  used on input line 449.
(pdftex.def)             Requested size: 172.5pt x 159.93532pt.


[26 <./Images/AlberiDiRicerca.png>]

[27]

[28]

[29]

[30]

[31]
LaTeX Font Info:    Trying to load font information for OMS+cmr on input line 570.
 (/usr/local/texlive/2025/texmf-dist/tex/latex/base/omscmr.fd
File: omscmr.fd 2024/11/19 v2.5n Standard LaTeX font definitions
)
LaTeX Font Info:    Font shape `OMS/cmr/m/n' in size <10> not available
(Font)              Font shape `OMS/cmsy/m/n' tried instead on input line 570.


[32]

[33]

[34]

[35]
Overfull \hbox (19.78835pt too wide) in paragraph at lines 676--676
[]\OML/cmm/m/it/10 f[]; []nodo[][]$\OT1/cmr/m/n/10 ; 
 []


Overfull \hbox (20.02339pt too wide) in paragraph at lines 677--677
[]\OML/cmm/m/it/10 f[]; []nodo[][]$\OT1/cmr/m/n/10 ; 
 []


Overfull \hbox (27.9053pt too wide) in paragraph at lines 678--678
[]\OML/cmm/m/it/10 nodo[]:[]nodo[]$\OT1/cmr/m/n/10 ; 
 []


Overfull \hbox (28.3754pt too wide) in paragraph at lines 679--679
[]\OML/cmm/m/it/10 nodo[]:[]nodo[]$\OT1/cmr/m/n/10 ; 
 []


Overfull \hbox (51.91934pt too wide) in paragraph at lines 688--688
\OML/cmm/m/it/10 PROCEDI\OT1/cmr/m/n/10 (\OML/cmm/m/it/10 F; problema[]; frontiera[]; raggiunti[]; raggiunti[]; soluzione\OT1/cmr/m/n/10 );$  
 []


Overfull \hbox (53.76791pt too wide) in paragraph at lines 688--688
\OML/cmm/m/it/10 PROCEDI\OT1/cmr/m/n/10 (\OML/cmm/m/it/10 B; problema[]; frontiera[]; raggiunti[]; raggiunti[]; soluzione\OT1/cmr/m/n/10 );$  
 []

<Images/ValutazioneAlgoritmmiRicercaNonInformata.png, id=159, 850.17625pt x 289.08pt>
File: Images/ValutazioneAlgoritmmiRicercaNonInformata.png Graphic file (type png)
<use Images/ValutazioneAlgoritmmiRicercaNonInformata.png>
Package pdftex.def Info: Images/ValutazioneAlgoritmmiRicercaNonInformata.png  used on input line 725.
(pdftex.def)             Requested size: 172.5pt x 58.65306pt.


[36]

[37]

[38 <./Images/ValutazioneAlgoritmmiRicercaNonInformata.png>]

[39]

[40]

[41]

[42]
Underfull \hbox (badness 10000) in paragraph at lines 793--799

 []



[43]

[44]

[45]

[46]

[47] (./main.aux)
 ***********
LaTeX2e <2024-11-01> patch level 2
L3 programming layer <2025-01-18>
 ***********


LaTeX Warning: There were multiply-defined labels.

 ) 
Here is how much of TeX's memory you used:
 6441 strings out of 473190
 108153 string characters out of 5715799
 531327 words of memory out of 5000000
 29595 multiletter control sequences out of 15000+600000
 565428 words of font info for 59 fonts, out of 8000000 for 9000
 1141 hyphenation exceptions out of 8191
 59i,19n,67p,1099b,536s stack positions out of 10000i,1000n,20000p,200000b,200000s
</usr/local/texlive/2025/texmf-dist/fonts/type1/public/amsfonts/cm/cmbx10.pfb></usr/local/texlive/2025/texmf-dist/fonts/type1/public/amsfonts/cm/cmbx12.pfb></usr/local/texlive/2025/texmf-dist/fonts/type1/public/amsfonts/cm/cmbxti10.pfb></usr/local/texlive/2025/texmf-dist/fonts/type1/public/amsfonts/cm/cmex10.pfb></usr/local/texlive/2025/texmf-dist/fonts/type1/public/amsfonts/cm/cmmi10.pfb></usr/local/texlive/2025/texmf-dist/fonts/type1/public/amsfonts/cm/cmmi7.pfb></usr/local/texlive/2025/texmf-dist/fonts/type1/public/amsfonts/cm/cmr10.pfb></usr/local/texlive/2025/texmf-dist/fonts/type1/public/amsfonts/cm/cmr12.pfb></usr/local/texlive/2025/texmf-dist/fonts/type1/public/amsfonts/cm/cmr17.pfb></usr/local/texlive/2025/texmf-dist/fonts/type1/public/amsfonts/cm/cmr7.pfb></usr/local/texlive/2025/texmf-dist/fonts/type1/public/amsfonts/cm/cmsy10.pfb></usr/local/texlive/2025/texmf-dist/fonts/type1/public/amsfonts/cm/cmsy5.pfb></usr/local/texlive/2025/texmf-dist/fonts/type1/public/amsfonts/cm/cmsy7.pfb></usr/local/texlive/2025/texmf-dist/fonts/type1/public/amsfonts/cm/cmti10.pfb></usr/local/texlive/2025/texmf-dist/fonts/type1/public/amsfonts/cm/cmtt10.pfb></usr/local/texlive/2025/texmf-dist/fonts/type1/public/cm-super/sfrm1000.pfb>
Output written on main.pdf (47 pages, 2444347 bytes).
PDF statistics:
 271 PDF objects out of 1000 (max. 8388607)
 156 compressed objects within 2 object streams
 0 named destinations out of 1000 (max. 500000)
 81 words of extra memory for PDF output out of 10000 (max. 10000000)

