\BOOKMARK [1][-]{section.1}{\376\377\000I\000n\000t\000r\000o\000d\000u\000z\000i\000o\000n\000e}{}% 1
\BOOKMARK [2][-]{subsection.1.1}{\376\377\000A\000p\000p\000r\000o\000c\000c\000i\000o\000\040\000S\000t\000r\000u\000t\000t\000u\000r\000a\000l\000e}{section.1}% 2
\BOOKMARK [3][-]{subsubsection.1.1.1}{\376\377\000L\000i\000n\000g\000u\000a\000g\000g\000i\000,\000\040\000l\000i\000v\000e\000l\000l\000i\000\040\000e\000\040\000m\000a\000c\000c\000h\000i\000n\000e\000\040\000v\000i\000r\000t\000u\000a\000l\000i}{subsection.1.1}% 3
\BOOKMARK [3][-]{subsubsection.1.1.2}{\376\377\000A\000t\000t\000u\000a\000l\000i\000\040\000m\000a\000c\000c\000h\000i\000n\000e\000\040\000m\000u\000l\000t\000i\000l\000i\000v\000e\000l\000l\000o}{subsection.1.1}% 4
\BOOKMARK [3][-]{subsubsection.1.1.3}{\376\377\000E\000v\000o\000l\000u\000z\000i\000o\000n\000e\000\040\000d\000e\000l\000l\000e\000\040\000m\000a\000c\000c\000h\000i\000n\000e\000\040\000m\000u\000l\000t\000i\000l\000i\000v\000e\000l\000l\000o}{subsection.1.1}% 5
\BOOKMARK [3][-]{subsubsection.1.1.4}{\376\377\000I\000n\000v\000e\000n\000z\000i\000o\000n\000e\000\040\000d\000e\000l\000l\000a\000\040\000m\000i\000c\000r\000o\000p\000r\000o\000g\000r\000a\000m\000m\000a\000z\000i\000o\000n\000e}{subsection.1.1}% 6
\BOOKMARK [3][-]{subsubsection.1.1.5}{\376\377\000I\000n\000v\000e\000n\000z\000i\000o\000n\000e\000\040\000d\000e\000l\000\040\000s\000i\000s\000t\000e\000m\000a\000\040\000o\000p\000e\000r\000a\000t\000i\000v\000o}{subsection.1.1}% 7
\BOOKMARK [3][-]{subsubsection.1.1.6}{\376\377\000M\000i\000g\000r\000a\000z\000i\000o\000n\000e\000\040\000d\000e\000l\000l\000e\000\040\000f\000u\000n\000z\000i\000o\000n\000a\000l\000i\000t\000\340\000\040\000v\000e\000r\000s\000o\000\040\000i\000l\000\040\000m\000i\000c\000r\000o\000c\000o\000d\000i\000c\000e}{subsection.1.1}% 8
\BOOKMARK [3][-]{subsubsection.1.1.7}{\376\377\000E\000l\000i\000m\000i\000n\000a\000z\000i\000o\000n\000e\000\040\000d\000e\000l\000l\000a\000\040\000m\000i\000c\000r\000o\000p\000r\000o\000g\000r\000a\000m\000m\000a\000z\000i\000o\000n\000e}{subsection.1.1}% 9
\BOOKMARK [2][-]{subsection.1.2}{\376\377\000P\000i\000e\000t\000r\000e\000\040\000m\000i\000l\000i\000a\000r\000i\000\040\000n\000e\000l\000l\000'\000a\000r\000c\000h\000i\000t\000e\000t\000t\000u\000r\000a\000\040\000d\000e\000i\000\040\000c\000o\000m\000p\000u\000t\000e\000r}{section.1}% 10
\BOOKMARK [3][-]{subsubsection.1.2.1}{\376\377\000G\000e\000n\000e\000r\000a\000z\000i\000o\000n\000e\000\040\0000\000\040\000-\000\040\000C\000o\000m\000p\000u\000t\000e\000r\000\040\000m\000e\000c\000c\000a\000n\000i\000c\000i\000\040\0001\0009\0004\0002\000-\0001\0009\0004\0005}{subsection.1.2}% 11
\BOOKMARK [3][-]{subsubsection.1.2.2}{\376\377\000G\000e\000n\000e\000r\000a\000z\000i\000o\000n\000e\000\040\0001\000\040\000-\000\040\000V\000a\000l\000v\000o\000l\000e\000\040\000t\000e\000r\000m\000o\000i\000o\000n\000i\000c\000h\000e\000\040\0001\0009\0004\0005\000-\0001\0009\0005\0005}{subsection.1.2}% 12
\BOOKMARK [3][-]{subsubsection.1.2.3}{\376\377\000G\000e\000n\000e\000r\000a\000z\000i\000o\000n\000e\000\040\0002\000\040\000-\000\040\000T\000r\000a\000n\000s\000i\000s\000t\000o\000r\000\040\0001\0009\0005\0005\000-\0001\0009\0006\0005}{subsection.1.2}% 13
\BOOKMARK [3][-]{subsubsection.1.2.4}{\376\377\000G\000e\000n\000e\000r\000a\000z\000i\000o\000n\000e\000\040\0003\000\040\000-\000\040\000C\000i\000r\000c\000u\000i\000t\000i\000\040\000i\000n\000t\000e\000g\000r\000a\000t\000i\000\040\0001\0009\0005\0005\000-\0001\0009\0008\0000}{subsection.1.2}% 14
\BOOKMARK [3][-]{subsubsection.1.2.5}{\376\377\000G\000e\000n\000e\000r\000a\000z\000i\000o\000n\000e\000\040\0004\000\040\000-\000\040\000I\000n\000t\000e\000g\000r\000a\000z\000i\000o\000n\000e\000\040\000a\000\040\000g\000r\000a\000n\000d\000i\000s\000s\000i\000m\000a\000\040\000s\000c\000a\000l\000a\000\040\0001\0009\0008\0000\000-\000?\000?}{subsection.1.2}% 15
\BOOKMARK [3][-]{subsubsection.1.2.6}{\376\377\000G\000e\000n\000e\000r\000a\000z\000i\000o\000n\000e\000\040\0005\000\040\000-\000\040\000C\000o\000m\000p\000u\000t\000e\000r\000\040\000a\000\040\000b\000a\000s\000s\000o\000\040\000c\000o\000n\000s\000u\000m\000o\000\040\000e\000\040\000c\000o\000m\000p\000u\000t\000e\000r\000\040\000i\000n\000v\000i\000s\000i\000b\000i\000l\000i}{subsection.1.2}% 16
\BOOKMARK [2][-]{subsection.1.3}{\376\377\000T\000i\000p\000o\000l\000o\000g\000i\000e\000\040\000d\000i\000\040\000c\000o\000m\000p\000u\000t\000e\000r}{section.1}% 17
\BOOKMARK [2][-]{subsection.1.4}{\376\377\000E\000s\000e\000m\000p\000i\000\040\000d\000i\000\040\000f\000a\000m\000i\000g\000l\000i\000e\000\040\000d\000i\000\040\000c\000o\000m\000p\000u\000t\000e\000r}{section.1}% 18
\BOOKMARK [3][-]{subsubsection.1.4.1}{\376\377\000I\000n\000t\000r\000o\000d\000u\000z\000i\000o\000n\000e\000\040\000a\000l\000l\000'\000a\000r\000c\000h\000i\000t\000e\000t\000t\000u\000r\000a\000\040\000x\0008\0006}{subsection.1.4}% 19
\BOOKMARK [3][-]{subsubsection.1.4.2}{\376\377\000I\000n\000t\000r\000o\000d\000u\000z\000i\000o\000n\000e\000\040\000a\000l\000l\000'\000a\000r\000c\000h\000i\000t\000e\000t\000t\000u\000r\000a\000\040\000A\000R\000M}{subsection.1.4}% 20
\BOOKMARK [3][-]{subsubsection.1.4.3}{\376\377\000I\000n\000t\000r\000o\000d\000u\000z\000i\000o\000n\000e\000\040\000a\000l\000l\000'\000a\000r\000c\000h\000i\000t\000e\000t\000t\000u\000r\000a\000\040\000A\000V\000R}{subsection.1.4}% 21
\BOOKMARK [2][-]{subsection.1.5}{\376\377\000U\000n\000i\000t\000\340\000\040\000m\000e\000t\000r\000i\000c\000h\000e}{section.1}% 22
\BOOKMARK [1][-]{section.2}{\376\377\000O\000r\000g\000a\000n\000i\000z\000z\000a\000z\000i\000o\000n\000e\000\040\000d\000e\000i\000\040\000s\000i\000s\000t\000e\000m\000i\000\040\000d\000i\000\040\000c\000a\000l\000c\000o\000l\000o}{}% 23
\BOOKMARK [2][-]{subsection.2.1}{\376\377\000P\000r\000o\000c\000e\000s\000s\000i}{section.2}% 24
\BOOKMARK [3][-]{subsubsection.2.1.1}{\376\377\000O\000r\000g\000a\000n\000i\000z\000z\000a\000z\000i\000o\000n\000e\000\040\000d\000e\000l\000l\000a\000\040\000C\000P\000U}{subsection.2.1}% 25
\BOOKMARK [3][-]{subsubsection.2.1.2}{\376\377\000E\000s\000e\000c\000u\000z\000i\000o\000n\000e\000\040\000d\000e\000l\000l\000'\000i\000s\000t\000r\000u\000z\000i\000o\000n\000e}{subsection.2.1}% 26
\BOOKMARK [3][-]{subsubsection.2.1.3}{\376\377\000R\000I\000S\000C\000\040\000c\000o\000n\000t\000r\000o\000\040\000C\000I\000S\000C}{subsection.2.1}% 27
\BOOKMARK [3][-]{subsubsection.2.1.4}{\376\377\000P\000r\000i\000n\000c\000i\000p\000i\000\040\000d\000i\000\040\000p\000r\000o\000g\000e\000t\000t\000a\000z\000i\000o\000n\000e\000\040\000d\000e\000i\000\040\000c\000a\000l\000c\000o\000l\000a\000t\000o\000r\000i\000\040\000m\000o\000d\000e\000r\000n\000i}{subsection.2.1}% 28
\BOOKMARK [3][-]{subsubsection.2.1.5}{\376\377\000P\000a\000r\000a\000l\000l\000e\000l\000i\000s\000m\000o\000\040\000a\000\040\000l\000i\000v\000e\000l\000l\000o\000\040\000d\000'\000i\000s\000t\000r\000u\000z\000i\000o\000n\000e}{subsection.2.1}% 29
\BOOKMARK [3][-]{subsubsection.2.1.6}{\376\377\000P\000a\000r\000a\000l\000l\000e\000l\000i\000s\000m\000o\000\040\000a\000\040\000l\000i\000v\000e\000l\000l\000o\000\040\000d\000i\000\040\000p\000r\000o\000c\000e\000s\000s\000o\000r\000e}{subsection.2.1}% 30
\BOOKMARK [2][-]{subsection.2.2}{\376\377\000M\000e\000m\000o\000r\000i\000a\000\040\000P\000r\000i\000n\000c\000i\000p\000a\000l\000e}{section.2}% 31
\BOOKMARK [3][-]{subsubsection.2.2.1}{\376\377\000B\000i\000t}{subsection.2.2}% 32
\BOOKMARK [3][-]{subsubsection.2.2.2}{\376\377\000I\000n\000d\000i\000r\000i\000z\000z\000i\000\040\000d\000i\000\040\000m\000e\000m\000o\000r\000i\000a}{subsection.2.2}% 33
\BOOKMARK [3][-]{subsubsection.2.2.3}{\376\377\000O\000r\000d\000i\000n\000a\000m\000e\000n\000t\000o\000\040\000d\000e\000i\000\040\000b\000y\000t\000e}{subsection.2.2}% 34
\BOOKMARK [3][-]{subsubsection.2.2.4}{\376\377\000C\000o\000d\000i\000c\000e\000\040\000c\000o\000r\000r\000e\000t\000t\000o\000r\000i}{subsection.2.2}% 35
\BOOKMARK [3][-]{subsubsection.2.2.5}{\376\377\000M\000e\000m\000o\000r\000i\000a\000\040\000c\000a\000c\000h\000e}{subsection.2.2}% 36
\BOOKMARK [3][-]{subsubsection.2.2.6}{\376\377\000T\000i\000p\000i\000\040\000d\000i\000\040\000m\000e\000m\000o\000r\000i\000e}{subsection.2.2}% 37
\BOOKMARK [2][-]{subsection.2.3}{\376\377\000M\000e\000m\000o\000r\000i\000a\000\040\000S\000e\000c\000o\000n\000d\000a\000r\000i\000a}{section.2}% 38
\BOOKMARK [3][-]{subsubsection.2.3.1}{\376\377\000G\000e\000r\000a\000r\000c\000h\000i\000e\000\040\000d\000i\000\040\000m\000e\000m\000o\000r\000i\000a}{subsection.2.3}% 39
\BOOKMARK [3][-]{subsubsection.2.3.2}{\376\377\000D\000i\000s\000c\000h\000i\000\040\000m\000a\000g\000n\000e\000t\000i\000c\000i}{subsection.2.3}% 40
\BOOKMARK [3][-]{subsubsection.2.3.3}{\376\377\000D\000i\000s\000c\000h\000i\000\040\000I\000D\000E}{subsection.2.3}% 41
\BOOKMARK [3][-]{subsubsection.2.3.4}{\376\377\000D\000i\000s\000c\000h\000i\000\040\000S\000C\000S\000I}{subsection.2.3}% 42
\BOOKMARK [3][-]{subsubsection.2.3.5}{\376\377\000R\000a\000i\000d}{subsection.2.3}% 43
\BOOKMARK [3][-]{subsubsection.2.3.6}{\376\377\000D\000i\000s\000c\000h\000i\000\040\000a\000\040\000s\000t\000a\000t\000o\000\040\000s\000o\000l\000i\000d\000o}{subsection.2.3}% 44
\BOOKMARK [3][-]{subsubsection.2.3.7}{\376\377\000C\000D\000-\000R\000O\000M}{subsection.2.3}% 45
\BOOKMARK [3][-]{subsubsection.2.3.8}{\376\377\000C\000D\000-\000R\000i\000s\000c\000r\000i\000v\000i\000b\000i\000l\000i\000\040\000e\000\040\000C\000D\000-\000R\000e\000g\000i\000s\000t\000r\000a\000b\000i\000l\000i}{subsection.2.3}% 46
\BOOKMARK [3][-]{subsubsection.2.3.9}{\376\377\000D\000V\000D\000\040\000e\000\040\000B\000l\000u\000-\000r\000a\000y}{subsection.2.3}% 47
\BOOKMARK [2][-]{subsection.2.4}{\376\377\000I\000n\000p\000u\000t\000/\000O\000u\000t\000p\000u\000t}{section.2}% 48
\BOOKMARK [3][-]{subsubsection.2.4.1}{\376\377\000B\000u\000s}{subsection.2.4}% 49
\BOOKMARK [3][-]{subsubsection.2.4.2}{\376\377\000T\000e\000r\000m\000i\000n\000a\000l\000i}{subsection.2.4}% 50
\BOOKMARK [3][-]{subsubsection.2.4.3}{\376\377\000M\000o\000u\000s\000e}{subsection.2.4}% 51
\BOOKMARK [3][-]{subsubsection.2.4.4}{\376\377\000C\000o\000n\000t\000r\000o\000l\000l\000e\000r\000\040\000d\000i\000\040\000G\000i\000o\000c\000o}{subsection.2.4}% 52
\BOOKMARK [3][-]{subsubsection.2.4.5}{\376\377\000S\000t\000a\000m\000p\000a\000n\000t\000i}{subsection.2.4}% 53
\BOOKMARK [3][-]{subsubsection.2.4.6}{\376\377\000A\000p\000p\000a\000r\000e\000c\000c\000h\000i\000a\000t\000u\000r\000e\000\040\000p\000e\000r\000\040\000T\000e\000l\000e\000c\000o\000m\000u\000n\000i\000c\000a\000z\000i\000o\000n\000i}{subsection.2.4}% 54
\BOOKMARK [3][-]{subsubsection.2.4.7}{\376\377\000C\000o\000d\000i\000c\000i\000\040\000d\000i\000\040\000C\000a\000r\000a\000t\000t\000e\000r\000i}{subsection.2.4}% 55
\BOOKMARK [1][-]{section.3}{\376\377\000L\000i\000v\000e\000l\000l\000o\000\040\000L\000o\000g\000i\000c\000o\000\040\000D\000i\000g\000i\000t\000a\000l\000e}{}% 56
\BOOKMARK [2][-]{subsection.3.1}{\376\377\000P\000o\000r\000t\000e\000\040\000L\000o\000g\000i\000c\000h\000e\000\040\000e\000\040\000a\000l\000g\000e\000b\000r\000a\000\040\000d\000i\000\040\000B\000o\000o\000l\000e}{section.3}% 57
\BOOKMARK [3][-]{subsubsection.3.1.1}{\376\377\000P\000o\000r\000t\000e\000\040\000l\000o\000g\000i\000c\000h\000e}{subsection.3.1}% 58
\BOOKMARK [3][-]{subsubsection.3.1.2}{\376\377\000A\000l\000g\000e\000b\000r\000a\000\040\000d\000i\000\040\000B\000o\000o\000l\000e}{subsection.3.1}% 59
\BOOKMARK [3][-]{subsubsection.3.1.3}{\376\377\000I\000m\000p\000l\000e\000m\000e\000n\000t\000a\000z\000i\000o\000n\000e\000\040\000d\000e\000l\000l\000e\000\040\000f\000u\000n\000z\000i\000o\000n\000i\000\040\000b\000o\000o\000l\000e\000a\000n\000e}{subsection.3.1}% 60
\BOOKMARK [3][-]{subsubsection.3.1.4}{\376\377\000E\000q\000u\000i\000v\000a\000l\000e\000n\000z\000a\000\040\000d\000i\000\040\000c\000i\000r\000c\000u\000i\000t\000i}{subsection.3.1}% 61
\BOOKMARK [2][-]{subsection.3.2}{\376\377\000C\000i\000r\000c\000u\000i\000t\000i\000\040\000l\000o\000g\000i\000c\000i\000\040\000d\000i\000g\000i\000t\000a\000l\000i\000\040\000e\000l\000e\000m\000e\000n\000t\000a\000r\000i}{section.3}% 62
\BOOKMARK [3][-]{subsubsection.3.2.1}{\376\377\000C\000i\000r\000c\000u\000i\000t\000i\000\040\000i\000n\000t\000e\000g\000r\000a\000t\000i\000\040\000\050\000I\000C\000\051}{subsection.3.2}% 63
\BOOKMARK [3][-]{subsubsection.3.2.2}{\376\377\000C\000i\000r\000c\000u\000i\000t\000i\000\040\000c\000o\000m\000b\000i\000n\000a\000t\000o\000r\000i}{subsection.3.2}% 64
\BOOKMARK [3][-]{subsubsection.3.2.3}{\376\377\000C\000i\000r\000c\000u\000i\000t\000i\000\040\000p\000e\000r\000\040\000l\000'\000a\000r\000i\000t\000m\000e\000t\000i\000c\000a}{subsection.3.2}% 65
\BOOKMARK [3][-]{subsubsection.3.2.4}{\376\377\000C\000l\000o\000c\000k}{subsection.3.2}% 66
\BOOKMARK [2][-]{subsection.3.3}{\376\377\000M\000e\000m\000o\000r\000i\000a}{section.3}% 67
\BOOKMARK [3][-]{subsubsection.3.3.1}{\376\377\000L\000a\000t\000c\000h}{subsection.3.3}% 68
\BOOKMARK [3][-]{subsubsection.3.3.2}{\376\377\000F\000l\000i\000p\000-\000F\000l\000o\000p\000s}{subsection.3.3}% 69
\BOOKMARK [3][-]{subsubsection.3.3.3}{\376\377\000R\000e\000g\000i\000s\000t\000r\000i}{subsection.3.3}% 70
\BOOKMARK [3][-]{subsubsection.3.3.4}{\376\377\000O\000r\000g\000a\000n\000i\000z\000z\000a\000z\000i\000o\000n\000e\000\040\000d\000e\000l\000l\000a\000\040\000m\000e\000m\000o\000r\000i\000a}{subsection.3.3}% 71
\BOOKMARK [3][-]{subsubsection.3.3.5}{\376\377\000C\000h\000i\000p\000\040\000d\000i\000\040\000m\000e\000m\000o\000r\000i\000a}{subsection.3.3}% 72
\BOOKMARK [3][-]{subsubsection.3.3.6}{\376\377\000R\000A\000M\000\040\000e\000\040\000R\000O\000M}{subsection.3.3}% 73
\BOOKMARK [2][-]{subsection.3.4}{\376\377\000C\000h\000i\000p\000\040\000d\000e\000l\000l\000a\000\040\000C\000P\000U\000\040\000e\000\040\000b\000u\000s}{section.3}% 74
\BOOKMARK [3][-]{subsubsection.3.4.1}{\376\377\000C\000h\000i\000p\000\040\000d\000e\000l\000l\000a\000\040\000C\000P\000U}{subsection.3.4}% 75
\BOOKMARK [3][-]{subsubsection.3.4.2}{\376\377\000B\000u\000s\000\040\000d\000e\000l\000\040\000c\000a\000l\000c\000o\000l\000a\000t\000o\000r\000e}{subsection.3.4}% 76
\BOOKMARK [3][-]{subsubsection.3.4.3}{\376\377\000A\000m\000p\000i\000e\000z\000z\000a\000\040\000d\000e\000l\000\040\000b\000u\000s}{subsection.3.4}% 77
\BOOKMARK [3][-]{subsubsection.3.4.4}{\376\377\000T\000e\000m\000p\000o\000r\000i\000z\000z\000a\000z\000i\000o\000n\000e\000\040\000d\000e\000l\000\040\000b\000u\000s}{subsection.3.4}% 78
\BOOKMARK [3][-]{subsubsection.3.4.5}{\376\377\000A\000r\000b\000i\000t\000r\000a\000g\000g\000i\000o\000\040\000d\000e\000l\000\040\000b\000u\000s}{subsection.3.4}% 79
\BOOKMARK [3][-]{subsubsection.3.4.6}{\376\377\000O\000p\000e\000r\000a\000z\000i\000o\000n\000i\000\040\000d\000e\000l\000\040\000b\000u\000s}{subsection.3.4}% 80
\BOOKMARK [2][-]{subsection.3.5}{\376\377\000E\000s\000e\000m\000p\000i\000\040\000d\000i\000\040\000C\000P\000U}{section.3}% 81
\BOOKMARK [3][-]{subsubsection.3.5.1}{\376\377\000P\000e\000n\000t\000i\000u\000m\000\040\0004}{subsection.3.5}% 82
\BOOKMARK [3][-]{subsubsection.3.5.2}{\376\377\000I\000n\000t\000e\000l\000\040\000C\000o\000r\000e\000\040\000i\0007}{subsection.3.5}% 83
\BOOKMARK [3][-]{subsubsection.3.5.3}{\376\377\000U\000l\000t\000r\000a\000S\000P\000A\000R\000C\000\040\000I\000I\000I}{subsection.3.5}% 84
\BOOKMARK [3][-]{subsubsection.3.5.4}{\376\377\000C\000h\000i\000p\000\040\0008\0000\0005\0001}{subsection.3.5}% 85
\BOOKMARK [2][-]{subsection.3.6}{\376\377\000E\000s\000e\000m\000p\000i\000\040\000d\000i\000\040\000B\000U\000S}{section.3}% 86
\BOOKMARK [3][-]{subsubsection.3.6.1}{\376\377\000I\000l\000\040\000B\000u\000s\000\040\000I\000S\000A\000\040\000\050\000I\000n\000d\000u\000s\000t\000r\000y\000\040\000S\000t\000a\000n\000d\000a\000r\000d\000\040\000A\000r\000c\000h\000i\000t\000e\000c\000t\000u\000r\000e\000\051}{subsection.3.6}% 87
\BOOKMARK [3][-]{subsubsection.3.6.2}{\376\377\000I\000l\000\040\000B\000u\000s\000\040\000P\000C\000I\000\040\000\050\000P\000e\000r\000i\000p\000h\000e\000r\000a\000l\000\040\000C\000o\000m\000p\000o\000n\000e\000n\000t\000\040\000I\000n\000t\000e\000r\000c\000o\000n\000n\000e\000c\000t\000\051}{subsection.3.6}% 88
\BOOKMARK [3][-]{subsubsection.3.6.3}{\376\377\000P\000C\000I\000\040\000E\000x\000p\000r\000e\000s\000s\000\040\000\050\000P\000C\000I\000e\000\051}{subsection.3.6}% 89
\BOOKMARK [3][-]{subsubsection.3.6.4}{\376\377\000U\000S\000B\000\040\000\050\000U\000n\000i\000v\000e\000r\000s\000a\000l\000\040\000S\000e\000r\000i\000a\000l\000\040\000B\000u\000s\000\051}{subsection.3.6}% 90
\BOOKMARK [2][-]{subsection.3.7}{\376\377\000I\000n\000t\000e\000r\000f\000a\000c\000c\000e}{section.3}% 91
\BOOKMARK [3][-]{subsubsection.3.7.1}{\376\377\000L\000e\000\040\000I\000n\000t\000e\000r\000f\000a\000c\000c\000e\000\040\000I\000/\000O\000:\000\040\000I\000l\000\040\000c\000a\000s\000o\000\040\000d\000e\000l\000\040\000c\000h\000i\000p\000\040\000P\000I\000O}{subsection.3.7}% 92
\BOOKMARK [3][-]{subsubsection.3.7.2}{\376\377\000L\000a\000\040\000D\000e\000c\000o\000d\000i\000f\000i\000c\000a\000\040\000d\000e\000l\000l\000'\000I\000n\000d\000i\000r\000i\000z\000z\000o}{subsection.3.7}% 93
\BOOKMARK [1][-]{section.4}{\376\377\000L\000i\000v\000e\000l\000l\000o\000\040\000d\000i\000\040\000m\000i\000c\000r\000o\000a\000r\000c\000h\000i\000t\000e\000t\000t\000u\000r\000a}{}% 94
\BOOKMARK [2][-]{subsection.4.1}{\376\377\000E\000s\000e\000m\000p\000i\000o\000\040\000d\000i\000\040\000m\000i\000c\000r\000o\000a\000r\000c\000h\000i\000t\000e\000t\000t\000u\000r\000a}{section.4}% 95
\BOOKMARK [3][-]{subsubsection.4.1.1}{\376\377\000P\000e\000r\000c\000o\000r\000s\000o\000\040\000D\000a\000t\000i}{subsection.4.1}% 96
\BOOKMARK [3][-]{subsubsection.4.1.2}{\376\377\000M\000i\000c\000r\000o\000i\000s\000t\000r\000u\000z\000i\000o\000n\000i}{subsection.4.1}% 97
