This is pdfTeX, Version 3.141592653-2.6-1.40.27 (TeX Live 2025) (preloaded format=pdflatex 2025.11.19)  8 JAN 2026 18:07
entering extended mode
 restricted \write18 enabled.
 file:line:error style messages enabled.
 %&-line parsing enabled.
**/Users/pc/Downloads/Architettura_dei_calcolatori/main.tex
(/Users/pc/Downloads/Architettura_dei_calcolatori/main.tex
LaTeX2e <2024-11-01> patch level 2
L3 programming layer <2025-01-18>
(/usr/local/texlive/2025/texmf-dist/tex/latex/base/article.cls
Document Class: article 2024/06/29 v1.4n Standard LaTeX document class
(/usr/local/texlive/2025/texmf-dist/tex/latex/base/size10.clo
File: size10.clo 2024/06/29 v1.4n Standard LaTeX file (size option)
)
\c@part=\count196
\c@section=\count197
\c@subsection=\count198
\c@subsubsection=\count199
\c@paragraph=\count266
\c@subparagraph=\count267
\c@figure=\count268
\c@table=\count269
\abovecaptionskip=\skip49
\belowcaptionskip=\skip50
\bibindent=\dimen141
) (/usr/local/texlive/2025/texmf-dist/tex/latex/graphics/graphicx.sty
Package: graphicx 2021/09/16 v1.2d Enhanced LaTeX Graphics (DPC,SPQR)
 (/usr/local/texlive/2025/texmf-dist/tex/latex/graphics/keyval.sty
Package: keyval 2022/05/29 v1.15 key=value parser (DPC)
\KV@toks@=\toks17
) (/usr/local/texlive/2025/texmf-dist/tex/latex/graphics/graphics.sty
Package: graphics 2024/08/06 v1.4g Standard LaTeX Graphics (DPC,SPQR)
 (/usr/local/texlive/2025/texmf-dist/tex/latex/graphics/trig.sty
Package: trig 2023/12/02 v1.11 sin cos tan (DPC)
) (/usr/local/texlive/2025/texmf-dist/tex/latex/graphics-cfg/graphics.cfg
File: graphics.cfg 2016/06/04 v1.11 sample graphics configuration
)
Package graphics Info: Driver file: pdftex.def on input line 106.
 (/usr/local/texlive/2025/texmf-dist/tex/latex/graphics-def/pdftex.def
File: pdftex.def 2024/04/13 v1.2c Graphics/color driver for pdftex
))
\Gin@req@height=\dimen142
\Gin@req@width=\dimen143
) (/usr/local/texlive/2025/texmf-dist/tex/generic/babel/babel.sty
Package: babel 2025/02/14 v25.4 The multilingual framework for pdfLaTeX, LuaLaTeX and XeLaTeX
\babel@savecnt=\count270
\U@D=\dimen144
\l@unhyphenated=\language90
 (/usr/local/texlive/2025/texmf-dist/tex/generic/babel/txtbabel.def)
\bbl@readstream=\read2
\bbl@dirlevel=\count271
 (/usr/local/texlive/2025/texmf-dist/tex/generic/babel-italian/italian.ldf
Language: italian 2024/10/10 v.1.5.01 Italian support for the babel system
\it@lettering=\count272
\it@doublequoteactive=\count273
\it@ISOcompliance=\count274
)) (/usr/local/texlive/2025/texmf-dist/tex/generic/babel/locale/it/babel-italian.tex
Package babel Info: Importing font and identification data for italian
(babel)             from babel-it.ini. Reported on input line 11.
) (/usr/local/texlive/2025/texmf-dist/tex/latex/etoolbox/etoolbox.sty
Package: etoolbox 2025/02/11 v2.5l e-TeX tools for LaTeX (JAW)
\etb@tempcnta=\count275
) (/usr/local/texlive/2025/texmf-dist/tex/latex/algorithm2e/algorithm2e.sty
Package: algorithm2e 2017/07/18 v5.2 algorithms environments
\c@AlgoLine=\count276
 (/usr/local/texlive/2025/texmf-dist/tex/latex/base/ifthen.sty
Package: ifthen 2024/03/16 v1.1e Standard LaTeX ifthen package (DPC)
)
\algocf@hangindent=\skip51
 (/usr/local/texlive/2025/texmf-dist/tex/latex/ifoddpage/ifoddpage.sty
Package: ifoddpage 2022/10/18 v1.2 Conditionals for odd/even page detection
\c@checkoddpage=\count277
) (/usr/local/texlive/2025/texmf-dist/tex/latex/tools/xspace.sty
Package: xspace 2014/10/28 v1.13 Space after command names (DPC,MH)
) (/usr/local/texlive/2025/texmf-dist/tex/latex/relsize/relsize.sty
Package: relsize 2013/03/29 ver 4.1
)
\skiptotal=\skip52
\skiplinenumber=\skip53
\skiprule=\skip54
\skiphlne=\skip55
\skiptext=\skip56
\skiplength=\skip57
\algomargin=\skip58
\skipalgocfslide=\skip59
\algowidth=\dimen145
\inoutsize=\dimen146
\inoutindent=\dimen147
\interspacetitleruled=\dimen148
\interspacealgoruled=\dimen149
\interspacetitleboxruled=\dimen150
\algocf@ruledwidth=\skip60
\algocf@inoutbox=\box52
\algocf@inputbox=\box53
\AlCapSkip=\skip61
\AlCapHSkip=\skip62
\algoskipindent=\skip63
\algocf@nlbox=\box54
\algocf@hangingbox=\box55
\algocf@untilbox=\box56
\algocf@skipuntil=\skip64
\algocf@capbox=\box57
\algocf@lcaptionbox=\skip65
\algoheightruledefault=\skip66
\algoheightrule=\skip67
\algotitleheightruledefault=\skip68
\algotitleheightrule=\skip69
\c@algocfline=\count278
\c@algocfproc=\count279
\c@algocf=\count280
\algocf@algoframe=\box58
\algocf@algobox=\box59
) (/usr/local/texlive/2025/texmf-dist/tex/latex/amscls/amsthm.sty
Package: amsthm 2020/05/29 v2.20.6
\thm@style=\toks18
\thm@bodyfont=\toks19
\thm@headfont=\toks20
\thm@notefont=\toks21
\thm@headpunct=\toks22
\thm@preskip=\skip70
\thm@postskip=\skip71
\thm@headsep=\skip72
\dth@everypar=\toks23
) (/usr/local/texlive/2025/texmf-dist/tex/latex/algorithmicx/algpseudocode.sty
Package: algpseudocode 
 (/usr/local/texlive/2025/texmf-dist/tex/latex/algorithmicx/algorithmicx.sty
Package: algorithmicx 2005/04/27 v1.2 Algorithmicx

Document Style algorithmicx 1.2 - a greatly improved `algorithmic' style
\c@ALG@line=\count281
\c@ALG@rem=\count282
\c@ALG@nested=\count283
\ALG@tlm=\skip73
\ALG@thistlm=\skip74
\c@ALG@Lnr=\count284
\c@ALG@blocknr=\count285
\c@ALG@storecount=\count286
\c@ALG@tmpcounter=\count287
\ALG@tmplength=\skip75
)
Document Style - pseudocode environments for use with the `algorithmicx' style
) (/usr/local/texlive/2025/texmf-dist/tex/latex/float/float.sty
Package: float 2001/11/08 v1.3d Float enhancements (AL)
\c@float@type=\count288
\float@exts=\toks24
\float@box=\box60
\@float@everytoks=\toks25
\@floatcapt=\box61
) (/usr/local/texlive/2025/texmf-dist/tex/latex/imakeidx/imakeidx.sty
Package: imakeidx 2016/10/15 v1.3e Package for typesetting indices in a synchronous mode
 (/usr/local/texlive/2025/texmf-dist/tex/latex/xkeyval/xkeyval.sty
Package: xkeyval 2022/06/16 v2.9 package option processing (HA)
 (/usr/local/texlive/2025/texmf-dist/tex/generic/xkeyval/xkeyval.tex (/usr/local/texlive/2025/texmf-dist/tex/generic/xkeyval/xkvutils.tex
\XKV@toks=\toks26
\XKV@tempa@toks=\toks27
)
\XKV@depth=\count289
File: xkeyval.tex 2014/12/03 v2.7a key=value parser (HA)
)) (/usr/local/texlive/2025/texmf-dist/tex/generic/iftex/ifxetex.sty
Package: ifxetex 2019/10/25 v0.7 ifxetex legacy package. Use iftex instead.
 (/usr/local/texlive/2025/texmf-dist/tex/generic/iftex/iftex.sty
Package: iftex 2024/12/12 v1.0g TeX engine tests
)) (/usr/local/texlive/2025/texmf-dist/tex/generic/iftex/ifluatex.sty
Package: ifluatex 2019/10/25 v1.5 ifluatex legacy package. Use iftex instead.
) (/usr/local/texlive/2025/texmf-dist/tex/latex/tools/multicol.sty
Package: multicol 2024/09/14 v1.9i multicolumn formatting (FMi)
\c@tracingmulticols=\count290
\mult@box=\box62
\multicol@leftmargin=\dimen151
\c@unbalance=\count291
\c@collectmore=\count292
\doublecol@number=\count293
\multicoltolerance=\count294
\multicolpretolerance=\count295
\full@width=\dimen152
\page@free=\dimen153
\premulticols=\dimen154
\postmulticols=\dimen155
\multicolsep=\skip76
\multicolbaselineskip=\skip77
\partial@page=\box63
\last@line=\box64
\mc@boxedresult=\box65
\maxbalancingoverflow=\dimen156
\mult@rightbox=\box66
\mult@grightbox=\box67
\mult@firstbox=\box68
\mult@gfirstbox=\box69
\@tempa=\box70
\@tempa=\box71
\@tempa=\box72
\@tempa=\box73
\@tempa=\box74
\@tempa=\box75
\@tempa=\box76
\@tempa=\box77
\@tempa=\box78
\@tempa=\box79
\@tempa=\box80
\@tempa=\box81
\@tempa=\box82
\@tempa=\box83
\@tempa=\box84
\@tempa=\box85
\@tempa=\box86
\@tempa=\box87
\@tempa=\box88
\@tempa=\box89
\@tempa=\box90
\@tempa=\box91
\@tempa=\box92
\@tempa=\box93
\@tempa=\box94
\@tempa=\box95
\@tempa=\box96
\@tempa=\box97
\@tempa=\box98
\@tempa=\box99
\@tempa=\box100
\@tempa=\box101
\@tempa=\box102
\@tempa=\box103
\@tempa=\box104
\@tempa=\box105
\c@minrows=\count296
\c@columnbadness=\count297
\c@finalcolumnbadness=\count298
\last@try=\dimen157
\multicolovershoot=\dimen158
\multicolundershoot=\dimen159
\mult@nat@firstbox=\box106
\colbreak@box=\box107
\mc@col@check@num=\count299
)) (/usr/local/texlive/2025/texmf-dist/tex/latex/amsmath/amsmath.sty
Package: amsmath 2024/11/05 v2.17t AMS math features
\@mathmargin=\skip78

For additional information on amsmath, use the `?' option.
(/usr/local/texlive/2025/texmf-dist/tex/latex/amsmath/amstext.sty
Package: amstext 2021/08/26 v2.01 AMS text
 (/usr/local/texlive/2025/texmf-dist/tex/latex/amsmath/amsgen.sty
File: amsgen.sty 1999/11/30 v2.0 generic functions
\@emptytoks=\toks28
\ex@=\dimen160
)) (/usr/local/texlive/2025/texmf-dist/tex/latex/amsmath/amsbsy.sty
Package: amsbsy 1999/11/29 v1.2d Bold Symbols
\pmbraise@=\dimen161
) (/usr/local/texlive/2025/texmf-dist/tex/latex/amsmath/amsopn.sty
Package: amsopn 2022/04/08 v2.04 operator names
)
\inf@bad=\count300
LaTeX Info: Redefining \frac on input line 233.
\uproot@=\count301
\leftroot@=\count302
LaTeX Info: Redefining \overline on input line 398.
LaTeX Info: Redefining \colon on input line 409.
\classnum@=\count303
\DOTSCASE@=\count304
LaTeX Info: Redefining \ldots on input line 495.
LaTeX Info: Redefining \dots on input line 498.
LaTeX Info: Redefining \cdots on input line 619.
\Mathstrutbox@=\box108
\strutbox@=\box109
LaTeX Info: Redefining \big on input line 721.
LaTeX Info: Redefining \Big on input line 722.
LaTeX Info: Redefining \bigg on input line 723.
LaTeX Info: Redefining \Bigg on input line 724.
\big@size=\dimen162
LaTeX Font Info:    Redeclaring font encoding OML on input line 742.
LaTeX Font Info:    Redeclaring font encoding OMS on input line 743.
\macc@depth=\count305
LaTeX Info: Redefining \bmod on input line 904.
LaTeX Info: Redefining \pmod on input line 909.
LaTeX Info: Redefining \smash on input line 939.
LaTeX Info: Redefining \relbar on input line 969.
LaTeX Info: Redefining \Relbar on input line 970.
\c@MaxMatrixCols=\count306
\dotsspace@=\muskip17
\c@parentequation=\count307
\dspbrk@lvl=\count308
\tag@help=\toks29
\row@=\count309
\column@=\count310
\maxfields@=\count311
\andhelp@=\toks30
\eqnshift@=\dimen163
\alignsep@=\dimen164
\tagshift@=\dimen165
\tagwidth@=\dimen166
\totwidth@=\dimen167
\lineht@=\dimen168
\@envbody=\toks31
\multlinegap=\skip79
\multlinetaggap=\skip80
\mathdisplay@stack=\toks32
LaTeX Info: Redefining \[ on input line 2953.
LaTeX Info: Redefining \] on input line 2954.
) (/usr/local/texlive/2025/texmf-dist/tex/latex/microtype/microtype.sty
Package: microtype 2025/02/11 v3.2a Micro-typographical refinements (RS)
\MT@toks=\toks33
\MT@tempbox=\box110
\MT@count=\count312
LaTeX Info: Redefining \noprotrusionifhmode on input line 1087.
LaTeX Info: Redefining \leftprotrusion on input line 1088.
\MT@prot@toks=\toks34
LaTeX Info: Redefining \rightprotrusion on input line 1107.
LaTeX Info: Redefining \textls on input line 1449.
\MT@outer@kern=\dimen169
LaTeX Info: Redefining \microtypecontext on input line 2053.
LaTeX Info: Redefining \textmicrotypecontext on input line 2070.
\MT@listname@count=\count313
 (/usr/local/texlive/2025/texmf-dist/tex/latex/microtype/microtype-pdftex.def
File: microtype-pdftex.def 2025/02/11 v3.2a Definitions specific to pdftex (RS)
LaTeX Info: Redefining \lsstyle on input line 944.
LaTeX Info: Redefining \lslig on input line 944.
\MT@outer@space=\skip81
)
Package microtype Info: Loading configuration file microtype.cfg.
 (/usr/local/texlive/2025/texmf-dist/tex/latex/microtype/microtype.cfg
File: microtype.cfg 2025/02/11 v3.2a microtype main configuration file (RS)
)
LaTeX Info: Redefining \microtypesetup on input line 3065.
) (/usr/local/texlive/2025/texmf-dist/tex/latex/hyperref/hyperref.sty
Package: hyperref 2024-11-05 v7.01l Hypertext links for LaTeX
 (/usr/local/texlive/2025/texmf-dist/tex/latex/kvsetkeys/kvsetkeys.sty
Package: kvsetkeys 2022-10-05 v1.19 Key value parser (HO)
) (/usr/local/texlive/2025/texmf-dist/tex/generic/kvdefinekeys/kvdefinekeys.sty
Package: kvdefinekeys 2019-12-19 v1.6 Define keys (HO)
) (/usr/local/texlive/2025/texmf-dist/tex/generic/pdfescape/pdfescape.sty
Package: pdfescape 2019/12/09 v1.15 Implements pdfTeX's escape features (HO)
 (/usr/local/texlive/2025/texmf-dist/tex/generic/ltxcmds/ltxcmds.sty
Package: ltxcmds 2023-12-04 v1.26 LaTeX kernel commands for general use (HO)
) (/usr/local/texlive/2025/texmf-dist/tex/generic/pdftexcmds/pdftexcmds.sty
Package: pdftexcmds 2020-06-27 v0.33 Utility functions of pdfTeX for LuaTeX (HO)
 (/usr/local/texlive/2025/texmf-dist/tex/generic/infwarerr/infwarerr.sty
Package: infwarerr 2019/12/03 v1.5 Providing info/warning/error messages (HO)
)
Package pdftexcmds Info: \pdf@primitive is available.
Package pdftexcmds Info: \pdf@ifprimitive is available.
Package pdftexcmds Info: \pdfdraftmode found.
)) (/usr/local/texlive/2025/texmf-dist/tex/latex/hycolor/hycolor.sty
Package: hycolor 2020-01-27 v1.10 Color options for hyperref/bookmark (HO)
) (/usr/local/texlive/2025/texmf-dist/tex/latex/hyperref/nameref.sty
Package: nameref 2023-11-26 v2.56 Cross-referencing by name of section
 (/usr/local/texlive/2025/texmf-dist/tex/latex/refcount/refcount.sty
Package: refcount 2019/12/15 v3.6 Data extraction from label references (HO)
) (/usr/local/texlive/2025/texmf-dist/tex/generic/gettitlestring/gettitlestring.sty
Package: gettitlestring 2019/12/15 v1.6 Cleanup title references (HO)
 (/usr/local/texlive/2025/texmf-dist/tex/latex/kvoptions/kvoptions.sty
Package: kvoptions 2022-06-15 v3.15 Key value format for package options (HO)
))
\c@section@level=\count314
) (/usr/local/texlive/2025/texmf-dist/tex/generic/stringenc/stringenc.sty
Package: stringenc 2019/11/29 v1.12 Convert strings between diff. encodings (HO)
)
\@linkdim=\dimen170
\Hy@linkcounter=\count315
\Hy@pagecounter=\count316
 (/usr/local/texlive/2025/texmf-dist/tex/latex/hyperref/pd1enc.def
File: pd1enc.def 2024-11-05 v7.01l Hyperref: PDFDocEncoding definition (HO)
Now handling font encoding PD1 ...
... no UTF-8 mapping file for font encoding PD1
) (/usr/local/texlive/2025/texmf-dist/tex/generic/intcalc/intcalc.sty
Package: intcalc 2019/12/15 v1.3 Expandable calculations with integers (HO)
)
\Hy@SavedSpaceFactor=\count317
 (/usr/local/texlive/2025/texmf-dist/tex/latex/hyperref/puenc.def
File: puenc.def 2024-11-05 v7.01l Hyperref: PDF Unicode definition (HO)
Now handling font encoding PU ...
... no UTF-8 mapping file for font encoding PU
)
Package hyperref Info: Hyper figures OFF on input line 4157.
Package hyperref Info: Link nesting OFF on input line 4162.
Package hyperref Info: Hyper index ON on input line 4165.
Package hyperref Info: Plain pages OFF on input line 4172.
Package hyperref Info: Backreferencing OFF on input line 4177.
Package hyperref Info: Implicit mode ON; LaTeX internals redefined.
Package hyperref Info: Bookmarks ON on input line 4424.
\c@Hy@tempcnt=\count318
 (/usr/local/texlive/2025/texmf-dist/tex/latex/url/url.sty
\Urlmuskip=\muskip18
Package: url 2013/09/16  ver 3.4  Verb mode for urls, etc.
)
LaTeX Info: Redefining \url on input line 4763.
\XeTeXLinkMargin=\dimen171
 (/usr/local/texlive/2025/texmf-dist/tex/generic/bitset/bitset.sty
Package: bitset 2019/12/09 v1.3 Handle bit-vector datatype (HO)
 (/usr/local/texlive/2025/texmf-dist/tex/generic/bigintcalc/bigintcalc.sty
Package: bigintcalc 2019/12/15 v1.5 Expandable calculations on big integers (HO)
))
\Fld@menulength=\count319
\Field@Width=\dimen172
\Fld@charsize=\dimen173
Package hyperref Info: Hyper figures OFF on input line 6042.
Package hyperref Info: Link nesting OFF on input line 6047.
Package hyperref Info: Hyper index ON on input line 6050.
Package hyperref Info: backreferencing OFF on input line 6057.
Package hyperref Info: Link coloring OFF on input line 6062.
Package hyperref Info: Link coloring with OCG OFF on input line 6067.
Package hyperref Info: PDF/A mode OFF on input line 6072.
 (/usr/local/texlive/2025/texmf-dist/tex/latex/base/atbegshi-ltx.sty
Package: atbegshi-ltx 2021/01/10 v1.0c Emulation of the original atbegshi
package with kernel methods
)
\Hy@abspage=\count320
\c@Item=\count321
\c@Hfootnote=\count322
)
Package hyperref Info: Driver (autodetected): hpdftex.
 (/usr/local/texlive/2025/texmf-dist/tex/latex/hyperref/hpdftex.def
File: hpdftex.def 2024-11-05 v7.01l Hyperref driver for pdfTeX
 (/usr/local/texlive/2025/texmf-dist/tex/latex/base/atveryend-ltx.sty
Package: atveryend-ltx 2020/08/19 v1.0a Emulation of the original atveryend package
with kernel methods
)
\Fld@listcount=\count323
\c@bookmark@seq@number=\count324
 (/usr/local/texlive/2025/texmf-dist/tex/latex/rerunfilecheck/rerunfilecheck.sty
Package: rerunfilecheck 2022-07-10 v1.10 Rerun checks for auxiliary files (HO)
 (/usr/local/texlive/2025/texmf-dist/tex/generic/uniquecounter/uniquecounter.sty
Package: uniquecounter 2019/12/15 v1.4 Provide unlimited unique counter (HO)
)
Package uniquecounter Info: New unique counter `rerunfilecheck' on input line 285.
)
\Hy@SectionHShift=\skip82
) (/usr/local/texlive/2025/texmf-dist/tex/latex/geometry/geometry.sty
Package: geometry 2020/01/02 v5.9 Page Geometry
 (/usr/local/texlive/2025/texmf-dist/tex/generic/iftex/ifvtex.sty
Package: ifvtex 2019/10/25 v1.7 ifvtex legacy package. Use iftex instead.
)
\Gm@cnth=\count325
\Gm@cntv=\count326
\c@Gm@tempcnt=\count327
\Gm@bindingoffset=\dimen174
\Gm@wd@mp=\dimen175
\Gm@odd@mp=\dimen176
\Gm@even@mp=\dimen177
\Gm@layoutwidth=\dimen178
\Gm@layoutheight=\dimen179
\Gm@layouthoffset=\dimen180
\Gm@layoutvoffset=\dimen181
\Gm@dimlist=\toks35
)
\c@theorem=\count328
\c@lemma=\count329
 (/usr/local/texlive/2025/texmf-dist/tex/latex/l3backend/l3backend-pdftex.def
File: l3backend-pdftex.def 2024-05-08 L3 backend support: PDF output (pdfTeX)
\l__color_backend_stack_int=\count330
\l__pdf_internal_box=\box111
) (./main.aux)
\openout1 = `main.aux'.

LaTeX Font Info:    Checking defaults for OML/cmm/m/it on input line 26.
LaTeX Font Info:    ... okay on input line 26.
LaTeX Font Info:    Checking defaults for OMS/cmsy/m/n on input line 26.
LaTeX Font Info:    ... okay on input line 26.
LaTeX Font Info:    Checking defaults for OT1/cmr/m/n on input line 26.
LaTeX Font Info:    ... okay on input line 26.
LaTeX Font Info:    Checking defaults for T1/cmr/m/n on input line 26.
LaTeX Font Info:    ... okay on input line 26.
LaTeX Font Info:    Checking defaults for TS1/cmr/m/n on input line 26.
LaTeX Font Info:    ... okay on input line 26.
LaTeX Font Info:    Checking defaults for OMX/cmex/m/n on input line 26.
LaTeX Font Info:    ... okay on input line 26.
LaTeX Font Info:    Checking defaults for U/cmr/m/n on input line 26.
LaTeX Font Info:    ... okay on input line 26.
LaTeX Font Info:    Checking defaults for PD1/pdf/m/n on input line 26.
LaTeX Font Info:    ... okay on input line 26.
LaTeX Font Info:    Checking defaults for PU/pdf/m/n on input line 26.
LaTeX Font Info:    ... okay on input line 26.
 (/usr/local/texlive/2025/texmf-dist/tex/context/base/mkii/supp-pdf.mkii
[Loading MPS to PDF converter (version 2006.09.02).]
\scratchcounter=\count331
\scratchdimen=\dimen182
\scratchbox=\box112
\nofMPsegments=\count332
\nofMParguments=\count333
\everyMPshowfont=\toks36
\MPscratchCnt=\count334
\MPscratchDim=\dimen183
\MPnumerator=\count335
\makeMPintoPDFobject=\count336
\everyMPtoPDFconversion=\toks37
) (/usr/local/texlive/2025/texmf-dist/tex/latex/epstopdf-pkg/epstopdf-base.sty
Package: epstopdf-base 2020-01-24 v2.11 Base part for package epstopdf
Package epstopdf-base Info: Redefining graphics rule for `.eps' on input line 485.
 (/usr/local/texlive/2025/texmf-dist/tex/latex/latexconfig/epstopdf-sys.cfg
File: epstopdf-sys.cfg 2010/07/13 v1.3 Configuration of (r)epstopdf for TeX Live
))
LaTeX Info: Redefining \it@ocap on input line 26.
LaTeX Info: Redefining \it@ccap on input line 26.


File italian.ldf warning: 
italian.ldf    With OT1 encoding guillemets are poorly faked
italian.ldf    Use T1 encoding
italian.ldf    or specify a font with command \CaporaliFrom
italian.ldf    See the documentation concerning the babel-italian typesetting
italian.ldf    on input line 26.

LaTeX Info: Redefining \microtypecontext on input line 26.
Package microtype Info: Applying patch `item' on input line 26.
Package microtype Info: Applying patch `toc' on input line 26.
Package microtype Info: Applying patch `eqnum' on input line 26.
Package microtype Info: Applying patch `footnote' on input line 26.
Package microtype Info: Applying patch `verbatim' on input line 26.
LaTeX Info: Redefining \microtypesetup on input line 26.
Package microtype Info: Generating PDF output.
Package microtype Info: Character protrusion enabled (level 2).
Package microtype Info: Using default protrusion set `alltext'.
Package microtype Info: Automatic font expansion enabled (level 2),
(microtype)             stretch: 20, shrink: 20, step: 1, non-selected.
Package microtype Info: Using default expansion set `alltext-nott'.
LaTeX Info: Redefining \showhyphens on input line 26.
Package microtype Info: No adjustment of tracking.
Package microtype Info: No adjustment of interword spacing.
Package microtype Info: No adjustment of character kerning.
(/usr/local/texlive/2025/texmf-dist/tex/latex/microtype/mt-cmr.cfg
File: mt-cmr.cfg 2013/05/19 v2.2 microtype config. file: Computer Modern Roman (RS)
)
Package hyperref Info: Link coloring OFF on input line 26.
 (./main.out) (./main.out)
\@outlinefile=\write3
\openout3 = `main.out'.


*geometry* driver: auto-detecting
*geometry* detected driver: pdftex
*geometry* verbose mode - [ preamble ] result:
* driver: pdftex
* paper: a4paper
* layout: <same size as paper>
* layoutoffset:(h,v)=(0.0pt,0.0pt)
* modes: 
* h-part:(L,W,R)=(71.13188pt, 455.24411pt, 71.13188pt)
* v-part:(T,H,B)=(71.13188pt, 702.78308pt, 71.13188pt)
* \paperwidth=597.50787pt
* \paperheight=845.04684pt
* \textwidth=455.24411pt
* \textheight=702.78308pt
* \oddsidemargin=-1.1381pt
* \evensidemargin=-1.1381pt
* \topmargin=-38.1381pt
* \headheight=12.0pt
* \headsep=25.0pt
* \topskip=10.0pt
* \footskip=30.0pt
* \marginparwidth=65.0pt
* \marginparsep=11.0pt
* \columnsep=10.0pt
* \skip\footins=9.0pt plus 4.0pt minus 2.0pt
* \hoffset=0.0pt
* \voffset=0.0pt
* \mag=1000
* \@twocolumnfalse
* \@twosidefalse
* \@mparswitchfalse
* \@reversemarginfalse
* (1in=72.27pt=25.4mm, 1cm=28.453pt)



[1

{/usr/local/texlive/2025/texmf-var/fonts/map/pdftex/updmap/pdftex.map}] (./main.toc

[2])
\tf@toc=\write4
\openout4 = `main.toc'.



[3] (./sections/1_introduzione.tex

[4{/usr/local/texlive/2025/texmf-dist/fonts/enc/dvips/cm-super/cm-super-ts1.enc}]

[5]

[6]

[7]
<images/Chip_Intel_Evolution.png, id=530, 905.3825pt x 431.6125pt>
File: images/Chip_Intel_Evolution.png Graphic file (type png)
<use images/Chip_Intel_Evolution.png>
Package pdftex.def Info: images/Chip_Intel_Evolution.png  used on input line 133.
(pdftex.def)             Requested size: 227.62206pt x 108.50876pt.
<images/legge_moore_intel.png, id=533, 905.3825pt x 459.7175pt>
File: images/legge_moore_intel.png Graphic file (type png)
<use images/legge_moore_intel.png>
Package pdftex.def Info: images/legge_moore_intel.png  used on input line 142.
(pdftex.def)             Requested size: 227.62206pt x 115.57443pt.


[8 <./images/Chip_Intel_Evolution.png> <./images/legge_moore_intel.png>]
<images/unita_metriche.png, id=543, 905.3825pt x 355.3275pt>
File: images/unita_metriche.png Graphic file (type png)
<use images/unita_metriche.png>
Package pdftex.def Info: images/unita_metriche.png  used on input line 167.
(pdftex.def)             Requested size: 227.62206pt x 89.33046pt.
)

[9 <./images/unita_metriche.png>] (./sections/2_organizzazione_dei_sistemi_di_calcolo.tex

[10]
<images/pipeline_5_stadi.png, id=563, 1035.87pt x 425.59pt>
File: images/pipeline_5_stadi.png Graphic file (type png)
<use images/pipeline_5_stadi.png>
Package pdftex.def Info: images/pipeline_5_stadi.png  used on input line 66.
(pdftex.def)             Requested size: 227.62206pt x 93.51968pt.


[11]

[12 <./images/pipeline_5_stadi.png>]

[13]
<images/bit_controllo.jpg, id=584, 997.7275pt x 307.1475pt>
File: images/bit_controllo.jpg Graphic file (type jpg)
<use images/bit_controllo.jpg>
Package pdftex.def Info: images/bit_controllo.jpg  used on input line 131.
(pdftex.def)             Requested size: 455.24411pt x 140.14601pt.
<images/esempio_parita_diagrammi_Venn.jpg, id=585, 919.435pt x 240.9pt>
File: images/esempio_parita_diagrammi_Venn.jpg Graphic file (type jpg)
<use images/esempio_parita_diagrammi_Venn.jpg>
Package pdftex.def Info: images/esempio_parita_diagrammi_Venn.jpg  used on input line 137.
(pdftex.def)             Requested size: 341.43307pt x 89.45874pt.


[14]
<images/esampio_hamming_16bit.jpg, id=592, 830.10126pt x 214.8025pt>
File: images/esampio_hamming_16bit.jpg Graphic file (type jpg)
<use images/esampio_hamming_16bit.jpg>
Package pdftex.def Info: images/esampio_hamming_16bit.jpg  used on input line 150.
(pdftex.def)             Requested size: 341.43307pt x 88.35146pt.


[15 <./images/bit_controllo.jpg> <./images/esempio_parita_diagrammi_Venn.jpg> <./images/esampio_hamming_16bit.jpg>]

[16]
<images/piramide_gerarchia_memoria.jpg, id=605, 1065.9825pt x 722.7pt>
File: images/piramide_gerarchia_memoria.jpg Graphic file (type jpg)
<use images/piramide_gerarchia_memoria.jpg>
Package pdftex.def Info: images/piramide_gerarchia_memoria.jpg  used on input line 202.
(pdftex.def)             Requested size: 227.62206pt x 154.31882pt.
<images/porzione_traccia_disco_meccanico.jpg, id=606, 1286.8075pt x 465.74pt>
File: images/porzione_traccia_disco_meccanico.jpg Graphic file (type jpg)
<use images/porzione_traccia_disco_meccanico.jpg>
Package pdftex.def Info: images/porzione_traccia_disco_meccanico.jpg  used on input line 223.
(pdftex.def)             Requested size: 227.62206pt x 82.37982pt.


[17 <./images/piramide_gerarchia_memoria.jpg> <./images/porzione_traccia_disco_meccanico.jpg>]

[18]
<images/Illustrazione_livelli_raid.jpg, id=617, 977.6525pt x 1296.845pt>
File: images/Illustrazione_livelli_raid.jpg Graphic file (type jpg)
<use images/Illustrazione_livelli_raid.jpg>
Package pdftex.def Info: images/Illustrazione_livelli_raid.jpg  used on input line 265.
(pdftex.def)             Requested size: 227.62206pt x 301.9289pt.
<images/disco_a_stato_solido.jpg, id=618, 1082.0425pt x 815.045pt>
File: images/disco_a_stato_solido.jpg Graphic file (type jpg)
<use images/disco_a_stato_solido.jpg>
Package pdftex.def Info: images/disco_a_stato_solido.jpg  used on input line 275.
(pdftex.def)             Requested size: 227.62206pt x 171.45053pt.


[19 <./images/Illustrazione_livelli_raid.jpg>]
Underfull \hbox (badness 10000) in paragraph at lines 279--280

 []



[20 <./images/disco_a_stato_solido.jpg>]

[21]

[22]

[23]
<images/ASCII_character_set.jpg, id=642, 650.43pt x 748.7975pt>
File: images/ASCII_character_set.jpg Graphic file (type jpg)
<use images/ASCII_character_set.jpg>
Package pdftex.def Info: images/ASCII_character_set.jpg  used on input line 427.
(pdftex.def)             Requested size: 227.62206pt x 262.04877pt.


[24]
<images/UTF-8_ecoding_scheme.jpg, id=647, 591.20876pt x 179.67125pt>
File: images/UTF-8_ecoding_scheme.jpg Graphic file (type jpg)
<use images/UTF-8_ecoding_scheme.jpg>
Package pdftex.def Info: images/UTF-8_ecoding_scheme.jpg  used on input line 441.
(pdftex.def)             Requested size: 227.62206pt x 69.175pt.
)

[25 <./images/ASCII_character_set.jpg> <./images/UTF-8_ecoding_scheme.jpg>] (./sections/3_livello_logico_digitale.tex
<images/esempi_transistor.jpg, id=655, 644.4075pt x 320.19624pt>
File: images/esempi_transistor.jpg Graphic file (type jpg)
<use images/esempi_transistor.jpg>
Package pdftex.def Info: images/esempi_transistor.jpg  used on input line 16.
(pdftex.def)             Requested size: 227.62206pt x 113.10126pt.
<images/cinque_porte_logiche_base.jpg, id=656, 653.44125pt x 254.9525pt>
File: images/cinque_porte_logiche_base.jpg Graphic file (type jpg)
<use images/cinque_porte_logiche_base.jpg>
Package pdftex.def Info: images/cinque_porte_logiche_base.jpg  used on input line 28.
(pdftex.def)             Requested size: 227.62206pt x 88.81065pt.


[26 <./images/esempi_transistor.jpg> <./images/cinque_porte_logiche_base.jpg>]
<images/esempio_tabella_verita.jpg, id=663, 1557.82pt x 1218.5525pt>
File: images/esempio_tabella_verita.jpg Graphic file (type jpg)
<use images/esempio_tabella_verita.jpg>
Package pdftex.def Info: images/esempio_tabella_verita.jpg  used on input line 57.
(pdftex.def)             Requested size: 341.43307pt x 267.05972pt.


[27]
<images/AND_OR_NOT_usando_NAND_NOR.jpg, id=669, 534.99875pt x 403.5075pt>
File: images/AND_OR_NOT_usando_NAND_NOR.jpg Graphic file (type jpg)
<use images/AND_OR_NOT_usando_NAND_NOR.jpg>
Package pdftex.def Info: images/AND_OR_NOT_usando_NAND_NOR.jpg  used on input line 82.
(pdftex.def)             Requested size: 227.62206pt x 171.67621pt.


[28 <./images/esempio_tabella_verita.jpg>]
<images/identita_algebra_booleana.jpg, id=681, 428.60126pt x 253.94875pt>
File: images/identita_algebra_booleana.jpg Graphic file (type jpg)
<use images/identita_algebra_booleana.jpg>
Package pdftex.def Info: images/identita_algebra_booleana.jpg  used on input line 101.
(pdftex.def)             Requested size: 227.62206pt x 134.86731pt.
<images/equivalente_porte_logiche_inversione_ingressi.jpg, id=682, 520.94624pt x 212.795pt>
File: images/equivalente_porte_logiche_inversione_ingressi.jpg Graphic file (type jpg)
<use images/equivalente_porte_logiche_inversione_ingressi.jpg>
Package pdftex.def Info: images/equivalente_porte_logiche_inversione_ingressi.jpg  used on input line 108.
(pdftex.def)             Requested size: 227.62206pt x 92.97743pt.


[29 <./images/AND_OR_NOT_usando_NAND_NOR.jpg> <./images/identita_algebra_booleana.jpg>]
<images/multiplexer_otto_input.jpg, id=688, 415.5525pt x 443.6575pt>
File: images/multiplexer_otto_input.jpg Graphic file (type jpg)
<use images/multiplexer_otto_input.jpg>
Package pdftex.def Info: images/multiplexer_otto_input.jpg  used on input line 138.
(pdftex.def)             Requested size: 227.62206pt x 243.01723pt.


[30 <./images/equivalente_porte_logiche_inversione_ingressi.jpg>]
<images/decodificatore_3-8.jpg, id=694, 427.5975pt x 401.5pt>
File: images/decodificatore_3-8.jpg Graphic file (type jpg)
<use images/decodificatore_3-8.jpg>
Package pdftex.def Info: images/decodificatore_3-8.jpg  used on input line 149.
(pdftex.def)             Requested size: 227.62206pt x 213.72519pt.


[31 <./images/multiplexer_otto_input.jpg> <./images/decodificatore_3-8.jpg>]
<images/comparatore_4_bit.jpg, id=702, 437.635pt x 431.6125pt>
File: images/comparatore_4_bit.jpg Graphic file (type jpg)
<use images/comparatore_4_bit.jpg>
Package pdftex.def Info: images/comparatore_4_bit.jpg  used on input line 160.
(pdftex.def)             Requested size: 227.62206pt x 224.49246pt.
<images/esempio_PLA.jpg, id=704, 639.38875pt x 616.3025pt>
File: images/esempio_PLA.jpg Graphic file (type jpg)
<use images/esempio_PLA.jpg>
Package pdftex.def Info: images/esempio_PLA.jpg  used on input line 167.
(pdftex.def)             Requested size: 227.62206pt x 219.40488pt.


[32 <./images/comparatore_4_bit.jpg> <./images/esempio_PLA.jpg>]
<images/shifter.jpg, id=712, 1106.1325pt x 544.0325pt>
File: images/shifter.jpg Graphic file (type jpg)
<use images/shifter.jpg>
Package pdftex.def Info: images/shifter.jpg  used on input line 184.
(pdftex.def)             Requested size: 227.62206pt x 111.95074pt.
<images/Semi-sommatore.jpg, id=713, 449.68pt x 227.85126pt>
File: images/Semi-sommatore.jpg Graphic file (type jpg)
<use images/Semi-sommatore.jpg>
Package pdftex.def Info: images/Semi-sommatore.jpg  used on input line 193.
(pdftex.def)             Requested size: 227.62206pt x 115.33688pt.
<images/Sommatore.jpg, id=714, 560.0925pt x 301.125pt>
File: images/Sommatore.jpg Graphic file (type jpg)
<use images/Sommatore.jpg>
Package pdftex.def Info: images/Sommatore.jpg  used on input line 200.
(pdftex.def)             Requested size: 227.62206pt x 122.37767pt.


[33 <./images/shifter.jpg> <./images/Semi-sommatore.jpg> <./images/Sommatore.jpg>]
<images/ALU-1-bit.jpg, id=722, 560.0925pt x 494.84875pt>
File: images/ALU-1-bit.jpg Graphic file (type jpg)
<use images/ALU-1-bit.jpg>
Package pdftex.def Info: images/ALU-1-bit.jpg  used on input line 217.
(pdftex.def)             Requested size: 227.62206pt x 201.10732pt.
<images/ALU-8-bit.jpg, id=723, 560.0925pt x 136.51pt>
File: images/ALU-8-bit.jpg Graphic file (type jpg)
<use images/ALU-8-bit.jpg>
Package pdftex.def Info: images/ALU-8-bit.jpg  used on input line 223.
(pdftex.def)             Requested size: 227.62206pt x 55.47787pt.


[34 <./images/ALU-1-bit.jpg> <./images/ALU-8-bit.jpg>]
<images/Clock.jpg, id=730, 375.4025pt x 302.12875pt>
File: images/Clock.jpg Graphic file (type jpg)
<use images/Clock.jpg>
Package pdftex.def Info: images/Clock.jpg  used on input line 244.
(pdftex.def)             Requested size: 227.62206pt x 183.19644pt.


[35 <./images/Clock.jpg>]
<images/SR_Latch.jpg, id=736, 538.01pt x 198.7425pt>
File: images/SR_Latch.jpg Graphic file (type jpg)
<use images/SR_Latch.jpg>
Package pdftex.def Info: images/SR_Latch.jpg  used on input line 266.
(pdftex.def)             Requested size: 227.62206pt x 84.08385pt.
<images/SR_Latch_Temporizzato.jpg, id=737, 350.30875pt x 146.5475pt>
File: images/SR_Latch_Temporizzato.jpg Graphic file (type jpg)
<use images/SR_Latch_Temporizzato.jpg>
Package pdftex.def Info: images/SR_Latch_Temporizzato.jpg  used on input line 278.
(pdftex.def)             Requested size: 227.62206pt x 95.22566pt.


[36 <./images/SR_Latch.jpg> <./images/SR_Latch_Temporizzato.jpg>]
<images/D_Latch_Temporizzato.jpg, id=744, 356.33125pt x 156.585pt>
File: images/D_Latch_Temporizzato.jpg Graphic file (type jpg)
<use images/D_Latch_Temporizzato.jpg>
Package pdftex.def Info: images/D_Latch_Temporizzato.jpg  used on input line 290.
(pdftex.def)             Requested size: 227.62206pt x 100.0253pt.
<images/Generatore_Impulsi.jpg, id=745, 547.04375pt x 331.2375pt>
File: images/Generatore_Impulsi.jpg Graphic file (type jpg)
<use images/Generatore_Impulsi.jpg>
Package pdftex.def Info: images/Generatore_Impulsi.jpg  used on input line 310.
(pdftex.def)             Requested size: 227.62206pt x 137.8249pt.


[37 <./images/D_Latch_Temporizzato.jpg> <./images/Generatore_Impulsi.jpg>]
<images/Flip-Flop_D.jpg, id=753, 552.0625pt x 174.6525pt>
File: images/Flip-Flop_D.jpg Graphic file (type jpg)
<use images/Flip-Flop_D.jpg>
Package pdftex.def Info: images/Flip-Flop_D.jpg  used on input line 322.
(pdftex.def)             Requested size: 227.62206pt x 72.01306pt.
<images/Flip-Flop_Latch.jpg, id=754, 547.04375pt x 125.46875pt>
File: images/Flip-Flop_Latch.jpg Graphic file (type jpg)
<use images/Flip-Flop_Latch.jpg>
Package pdftex.def Info: images/Flip-Flop_Latch.jpg  used on input line 333.
(pdftex.def)             Requested size: 227.62206pt x 52.20639pt.


[38 <./images/Flip-Flop_Latch.jpg> <./images/Flip-Flop_D.jpg>]
<images/Registro_8_bit.jpg, id=761, 479.7925pt x 228.855pt>
File: images/Registro_8_bit.jpg Graphic file (type jpg)
<use images/Registro_8_bit.jpg>
Package pdftex.def Info: images/Registro_8_bit.jpg  used on input line 360.
(pdftex.def)             Requested size: 227.62206pt x 108.57454pt.

Underfull \hbox (badness 10000) in paragraph at lines 357--363

 []

<images/memoria_4x3.jpg, id=762, 554.07pt x 642.4pt>
File: images/memoria_4x3.jpg Graphic file (type jpg)
<use images/memoria_4x3.jpg>
Package pdftex.def Info: images/memoria_4x3.jpg  used on input line 371.
(pdftex.def)             Requested size: 227.62206pt x 263.90523pt.


[39 <./images/Registro_8_bit.jpg>]
<images/Buffer_invertenti_e_non.jpg, id=769, 559.08875pt x 140.525pt>
File: images/Buffer_invertenti_e_non.jpg Graphic file (type jpg)
<use images/Buffer_invertenti_e_non.jpg>
Package pdftex.def Info: images/Buffer_invertenti_e_non.jpg  used on input line 385.
(pdftex.def)             Requested size: 227.62206pt x 57.2125pt.


[40 <./images/memoria_4x3.jpg> <./images/Buffer_invertenti_e_non.jpg>]
<images/organizzazioni_chip_4_Mbit.jpg, id=776, 588.1975pt x 346.29375pt>
File: images/organizzazioni_chip_4_Mbit.jpg Graphic file (type jpg)
<use images/organizzazioni_chip_4_Mbit.jpg>
Package pdftex.def Info: images/organizzazioni_chip_4_Mbit.jpg  used on input line 403.
(pdftex.def)             Requested size: 227.62206pt x 134.00778pt.


[41 <./images/organizzazioni_chip_4_Mbit.jpg>]
<images/vari_tipi_memoria.jpg, id=782, 1052.93375pt x 417.56pt>
File: images/vari_tipi_memoria.jpg Graphic file (type jpg)
<use images/vari_tipi_memoria.jpg>
Package pdftex.def Info: images/vari_tipi_memoria.jpg  used on input line 436.
(pdftex.def)             Requested size: 227.62206pt x 90.26424pt.


[42 <./images/vari_tipi_memoria.jpg>]
<images/generica_CPU.jpg, id=788, 614.295pt x 393.47pt>
File: images/generica_CPU.jpg Graphic file (type jpg)
<use images/generica_CPU.jpg>
Package pdftex.def Info: images/generica_CPU.jpg  used on input line 468.
(pdftex.def)             Requested size: 227.62206pt x 145.79774pt.
<images/computer_bus_multipli.jpg, id=789, 638.385pt x 272.01625pt>
File: images/computer_bus_multipli.jpg Graphic file (type jpg)
<use images/computer_bus_multipli.jpg>
Package pdftex.def Info: images/computer_bus_multipli.jpg  used on input line 479.
(pdftex.def)             Requested size: 227.62206pt x 96.98773pt.

Underfull \hbox (badness 10000) in paragraph at lines 475--482

 []



[43 <./images/generica_CPU.jpg>]
<images/master_slave.jpg, id=796, 603.25375pt x 152.57pt>
File: images/master_slave.jpg Graphic file (type jpg)
<use images/master_slave.jpg>
Package pdftex.def Info: images/master_slave.jpg  used on input line 491.
(pdftex.def)             Requested size: 227.62206pt x 57.56746pt.


[44 <./images/computer_bus_multipli.jpg> <./images/master_slave.jpg>]
<images/temporizzazione_lettura_bus_sincrono.jpg, id=803, 642.4pt x 724.7075pt>
File: images/temporizzazione_lettura_bus_sincrono.jpg Graphic file (type jpg)
<use images/temporizzazione_lettura_bus_sincrono.jpg>
Package pdftex.def Info: images/temporizzazione_lettura_bus_sincrono.jpg  used on input line 539.
(pdftex.def)             Requested size: 227.62206pt x 256.78087pt.


[45]
<images/operazioni_bus_asincrono.jpg, id=808, 592.2125pt x 292.09125pt>
File: images/operazioni_bus_asincrono.jpg Graphic file (type jpg)
<use images/operazioni_bus_asincrono.jpg>
Package pdftex.def Info: images/operazioni_bus_asincrono.jpg  used on input line 554.
(pdftex.def)             Requested size: 227.62206pt x 112.26604pt.


[46 <./images/temporizzazione_lettura_bus_sincrono.jpg> <./images/operazioni_bus_asincrono.jpg>]
<images/daisy_chain.jpg, id=815, 611.28375pt x 389.455pt>
File: images/daisy_chain.jpg Graphic file (type jpg)
<use images/daisy_chain.jpg>
Package pdftex.def Info: images/daisy_chain.jpg  used on input line 573.
(pdftex.def)             Requested size: 227.62206pt x 145.01718pt.
<images/bus_arbitraggio_decentralizzato.jpg, id=816, 579.16376pt x 151.56625pt>
File: images/bus_arbitraggio_decentralizzato.jpg Graphic file (type jpg)
<use images/bus_arbitraggio_decentralizzato.jpg>
Package pdftex.def Info: images/bus_arbitraggio_decentralizzato.jpg  used on input line 584.
(pdftex.def)             Requested size: 227.62206pt x 59.56851pt.


[47 <./images/daisy_chain.jpg>]
<images/trasferimento_a_blocchi.jpg, id=824, 627.34375pt x 362.35374pt>
File: images/trasferimento_a_blocchi.jpg Graphic file (type jpg)
<use images/trasferimento_a_blocchi.jpg>
Package pdftex.def Info: images/trasferimento_a_blocchi.jpg  used on input line 602.
(pdftex.def)             Requested size: 227.62206pt x 131.47565pt.
<images/controllore_8259A.jpg, id=825, 630.355pt x 221.82875pt>
File: images/controllore_8259A.jpg Graphic file (type jpg)
<use images/controllore_8259A.jpg>
Package pdftex.def Info: images/controllore_8259A.jpg  used on input line 614.
(pdftex.def)             Requested size: 227.62206pt x 80.10199pt.


[48 <./images/bus_arbitraggio_decentralizzato.jpg> <./images/trasferimento_a_blocchi.jpg>]

[49 <./images/controllore_8259A.jpg>]
<images/pentium_4.jpg, id=843, 404.51125pt x 419.5675pt>
File: images/pentium_4.jpg Graphic file (type jpg)
<use images/pentium_4.jpg>
Package pdftex.def Info: images/pentium_4.jpg  used on input line 667.
(pdftex.def)             Requested size: 227.62206pt x 236.09576pt.


[50 <./images/pentium_4.jpg>]

[51]

[52]

[53]

[54])

[55] (./sections/4_livello_di_microarchitettura.tex
<images/data_path_microarchitettura.jpg, id=882, 496.85625pt x 657.45625pt>
File: images/data_path_microarchitettura.jpg Graphic file (type jpg)
<use images/data_path_microarchitettura.jpg>
Package pdftex.def Info: images/data_path_microarchitettura.jpg  used on input line 26.
(pdftex.def)             Requested size: 227.62206pt x 301.19962pt.


[56]
<images/useful_combination_ALU_signals.jpg, id=887, 377.41pt x 401.5pt>
File: images/useful_combination_ALU_signals.jpg Graphic file (type jpg)
<use images/useful_combination_ALU_signals.jpg>
Package pdftex.def Info: images/useful_combination_ALU_signals.jpg  used on input line 40.
(pdftex.def)             Requested size: 227.62206pt x 242.15163pt.


[57 <./images/data_path_microarchitettura.jpg>]
<images/diagramma_temporale_ciclo_data_path.jpg, id=893, 630.355pt x 379.4175pt>
File: images/diagramma_temporale_ciclo_data_path.jpg Graphic file (type jpg)
<use images/diagramma_temporale_ciclo_data_path.jpg>
Package pdftex.def Info: images/diagramma_temporale_ciclo_data_path.jpg  used on input line 54.
(pdftex.def)             Requested size: 227.62206pt x 137.00703pt.


[58 <./images/useful_combination_ALU_signals.jpg> <./images/diagramma_temporale_ciclo_data_path.jpg>]
<images/corrispondenza_bit_MAR_indirizzo.jpg, id=905, 627.34375pt x 220.825pt>
File: images/corrispondenza_bit_MAR_indirizzo.jpg Graphic file (type jpg)
<use images/corrispondenza_bit_MAR_indirizzo.jpg>
Package pdftex.def Info: images/corrispondenza_bit_MAR_indirizzo.jpg  used on input line 72.
(pdftex.def)             Requested size: 227.62206pt x 80.12366pt.
)

[59 <./images/corrispondenza_bit_MAR_indirizzo.jpg>] (./main.aux)
 ***********
LaTeX2e <2024-11-01> patch level 2
L3 programming layer <2025-01-18>
 ***********
Package rerunfilecheck Info: File `main.out' has not changed.
(rerunfilecheck)             Checksum: 9D4C3945C8D6FF8810B2D542FCF3702F;18090.
 ) 
Here is how much of TeX's memory you used:
 15858 strings out of 473190
 260958 string characters out of 5715799
 728074 words of memory out of 5000000
 38475 multiletter control sequences out of 15000+600000
 569897 words of font info for 154 fonts, out of 8000000 for 9000
 1141 hyphenation exceptions out of 8191
 75i,7n,79p,1136b,665s stack positions out of 10000i,1000n,20000p,200000b,200000s
</usr/local/texlive/2025/texmf-dist/fonts/type1/public/amsfonts/cm/cmbx10.pfb></usr/local/texlive/2025/texmf-dist/fonts/type1/public/amsfonts/cm/cmbx12.pfb></usr/local/texlive/2025/texmf-dist/fonts/type1/public/amsfonts/cm/cmmi10.pfb></usr/local/texlive/2025/texmf-dist/fonts/type1/public/amsfonts/cm/cmmi7.pfb></usr/local/texlive/2025/texmf-dist/fonts/type1/public/amsfonts/cm/cmr10.pfb></usr/local/texlive/2025/texmf-dist/fonts/type1/public/amsfonts/cm/cmr12.pfb></usr/local/texlive/2025/texmf-dist/fonts/type1/public/amsfonts/cm/cmr17.pfb></usr/local/texlive/2025/texmf-dist/fonts/type1/public/amsfonts/cm/cmr7.pfb></usr/local/texlive/2025/texmf-dist/fonts/type1/public/amsfonts/cm/cmsy10.pfb></usr/local/texlive/2025/texmf-dist/fonts/type1/public/cm-super/sfrm1000.pfb>
Output written on main.pdf (59 pages, 3269123 bytes).
PDF statistics:
 1013 PDF objects out of 1200 (max. 8388607)
 865 compressed objects within 9 object streams
 249 named destinations out of 1000 (max. 500000)
 25623 words of extra memory for PDF output out of 29859 (max. 10000000)

